{"/Users/peder/projects/anteo/website/scripts/build.js": {"path":"/Users/peder/projects/anteo/website/scripts/build.js","statementMap":{"0":{"start":{"line":1,"column":13},"end":{"line":1,"column":28}},"1":{"start":{"line":2,"column":13},"end":{"line":2,"column":28}},"2":{"start":{"line":3,"column":93},"end":{"line":3,"column":112}},"3":{"start":{"line":4,"column":15},"end":{"line":4,"column":37}},"4":{"start":{"line":5,"column":15},"end":{"line":5,"column":32}},"5":{"start":{"line":6,"column":19},"end":{"line":6,"column":40}},"6":{"start":{"line":7,"column":16},"end":{"line":7,"column":34}},"7":{"start":{"line":8,"column":20},"end":{"line":8,"column":53}},"8":{"start":{"line":9,"column":19},"end":{"line":9,"column":51}},"9":{"start":{"line":10,"column":23},"end":{"line":10,"column":57}},"10":{"start":{"line":13,"column":18},"end":{"line":13,"column":39}},"11":{"start":{"line":14,"column":20},"end":{"line":14,"column":47}},"12":{"start":{"line":17,"column":18},"end":{"line":21,"column":1}},"13":{"start":{"line":25,"column":23},"end":{"line":25,"column":103}},"14":{"start":{"line":26,"column":2},"end":{"line":26,"column":53}},"15":{"start":{"line":31,"column":16},"end":{"line":31,"column":54}},"16":{"start":{"line":33,"column":2},"end":{"line":33,"column":84}},"17":{"start":{"line":35,"column":2},"end":{"line":51,"column":3}},"18":{"start":{"line":36,"column":19},"end":{"line":45,"column":6}},"19":{"start":{"line":47,"column":4},"end":{"line":47,"column":53}},"20":{"start":{"line":49,"column":4},"end":{"line":49,"column":58}},"21":{"start":{"line":50,"column":4},"end":{"line":50,"column":16}},"22":{"start":{"line":56,"column":2},"end":{"line":56,"column":33}},"23":{"start":{"line":59,"column":18},"end":{"line":59,"column":66}},"24":{"start":{"line":62,"column":18},"end":{"line":71,"column":3}},"25":{"start":{"line":65,"column":25},"end":{"line":65,"column":62}},"26":{"start":{"line":66,"column":6},"end":{"line":68,"column":7}},"27":{"start":{"line":67,"column":8},"end":{"line":67,"column":55}},"28":{"start":{"line":69,"column":6},"end":{"line":69,"column":19}},"29":{"start":{"line":74,"column":2},"end":{"line":74,"column":35}},"30":{"start":{"line":77,"column":2},"end":{"line":77,"column":54}},"31":{"start":{"line":78,"column":2},"end":{"line":78,"column":31}},"32":{"start":{"line":83,"column":2},"end":{"line":83,"column":24}},"33":{"start":{"line":83,"column":17},"end":{"line":83,"column":24}},"34":{"start":{"line":85,"column":2},"end":{"line":85,"column":51}},"35":{"start":{"line":87,"column":20},"end":{"line":87,"column":47}},"36":{"start":{"line":89,"column":2},"end":{"line":100,"column":5}},"37":{"start":{"line":90,"column":18},"end":{"line":90,"column":44}},"38":{"start":{"line":93,"column":4},"end":{"line":97,"column":52}},"39":{"start":{"line":99,"column":4},"end":{"line":99,"column":33}},"40":{"start":{"line":102,"column":2},"end":{"line":102,"column":71}},"41":{"start":{"line":107,"column":2},"end":{"line":107,"column":47}},"42":{"start":{"line":110,"column":26},"end":{"line":110,"column":63}},"43":{"start":{"line":111,"column":19},"end":{"line":111,"column":69}},"44":{"start":{"line":114,"column":19},"end":{"line":114,"column":103}},"45":{"start":{"line":116,"column":2},"end":{"line":116,"column":67}},"46":{"start":{"line":119,"column":25},"end":{"line":119,"column":45}},"47":{"start":{"line":122,"column":2},"end":{"line":122,"column":40}},"48":{"start":{"line":125,"column":2},"end":{"line":128,"column":3}},"49":{"start":{"line":126,"column":4},"end":{"line":126,"column":54}},"50":{"start":{"line":127,"column":4},"end":{"line":127,"column":49}},"51":{"start":{"line":131,"column":2},"end":{"line":131,"column":39}},"52":{"start":{"line":133,"column":2},"end":{"line":135,"column":3}},"53":{"start":{"line":134,"column":4},"end":{"line":134,"column":60}},"54":{"start":{"line":138,"column":2},"end":{"line":138,"column":35}},"55":{"start":{"line":140,"column":2},"end":{"line":140,"column":75}},"56":{"start":{"line":144,"column":23},"end":{"line":144,"column":25}},"57":{"start":{"line":147,"column":2},"end":{"line":299,"column":5}},"58":{"start":{"line":148,"column":4},"end":{"line":148,"column":51}},"59":{"start":{"line":151,"column":25},"end":{"line":151,"column":57}},"60":{"start":{"line":152,"column":24},"end":{"line":152,"column":62}},"61":{"start":{"line":154,"column":4},"end":{"line":157,"column":5}},"62":{"start":{"line":155,"column":6},"end":{"line":155,"column":68}},"63":{"start":{"line":156,"column":6},"end":{"line":156,"column":13}},"64":{"start":{"line":159,"column":21},"end":{"line":159,"column":67}},"65":{"start":{"line":160,"column":20},"end":{"line":160,"column":65}},"66":{"start":{"line":163,"column":24},"end":{"line":163,"column":48}},"67":{"start":{"line":164,"column":4},"end":{"line":166,"column":5}},"68":{"start":{"line":165,"column":6},"end":{"line":165,"column":76}},"69":{"start":{"line":169,"column":24},"end":{"line":169,"column":26}},"70":{"start":{"line":171,"column":4},"end":{"line":298,"column":7}},"71":{"start":{"line":172,"column":32},"end":{"line":172,"column":66}},"72":{"start":{"line":175,"column":6},"end":{"line":175,"column":23}},"73":{"start":{"line":178,"column":25},"end":{"line":178,"column":63}},"74":{"start":{"line":179,"column":31},"end":{"line":179,"column":77}},"75":{"start":{"line":181,"column":19},"end":{"line":181,"column":49}},"76":{"start":{"line":184,"column":21},"end":{"line":184,"column":27}},"77":{"start":{"line":185,"column":6},"end":{"line":185,"column":60}},"78":{"start":{"line":185,"column":39},"end":{"line":185,"column":60}},"79":{"start":{"line":186,"column":6},"end":{"line":186,"column":53}},"80":{"start":{"line":186,"column":35},"end":{"line":186,"column":53}},"81":{"start":{"line":189,"column":6},"end":{"line":196,"column":7}},"82":{"start":{"line":190,"column":8},"end":{"line":193,"column":11}},"83":{"start":{"line":195,"column":8},"end":{"line":195,"column":15}},"84":{"start":{"line":199,"column":23},"end":{"line":210,"column":7}},"85":{"start":{"line":213,"column":6},"end":{"line":233,"column":7}},"86":{"start":{"line":215,"column":27},"end":{"line":215,"column":90}},"87":{"start":{"line":215,"column":54},"end":{"line":215,"column":89}},"88":{"start":{"line":218,"column":25},"end":{"line":226,"column":19}},"89":{"start":{"line":218,"column":50},"end":{"line":226,"column":9}},"90":{"start":{"line":229,"column":8},"end":{"line":232,"column":10}},"91":{"start":{"line":236,"column":6},"end":{"line":256,"column":7}},"92":{"start":{"line":238,"column":27},"end":{"line":238,"column":90}},"93":{"start":{"line":238,"column":54},"end":{"line":238,"column":89}},"94":{"start":{"line":241,"column":25},"end":{"line":249,"column":19}},"95":{"start":{"line":241,"column":50},"end":{"line":249,"column":9}},"96":{"start":{"line":252,"column":8},"end":{"line":255,"column":10}},"97":{"start":{"line":259,"column":26},"end":{"line":259,"column":55}},"98":{"start":{"line":262,"column":21},"end":{"line":266,"column":8}},"99":{"start":{"line":269,"column":6},"end":{"line":269,"column":53}},"100":{"start":{"line":272,"column":6},"end":{"line":272,"column":60}},"101":{"start":{"line":275,"column":20},"end":{"line":278,"column":32}},"102":{"start":{"line":281,"column":6},"end":{"line":283,"column":7}},"103":{"start":{"line":282,"column":8},"end":{"line":282,"column":50}},"104":{"start":{"line":285,"column":6},"end":{"line":285,"column":43}},"105":{"start":{"line":286,"column":6},"end":{"line":286,"column":40}},"106":{"start":{"line":289,"column":6},"end":{"line":295,"column":9}},"107":{"start":{"line":297,"column":6},"end":{"line":297,"column":51}},"108":{"start":{"line":302,"column":2},"end":{"line":302,"column":28}},"109":{"start":{"line":303,"column":2},"end":{"line":303,"column":81}},"110":{"start":{"line":304,"column":2},"end":{"line":304,"column":48}},"111":{"start":{"line":307,"column":2},"end":{"line":307,"column":36}},"112":{"start":{"line":310,"column":2},"end":{"line":314,"column":3}},"113":{"start":{"line":311,"column":4},"end":{"line":311,"column":49}},"114":{"start":{"line":312,"column":4},"end":{"line":312,"column":72}},"115":{"start":{"line":313,"column":4},"end":{"line":313,"column":45}},"116":{"start":{"line":317,"column":2},"end":{"line":317,"column":27}},"117":{"start":{"line":320,"column":2},"end":{"line":320,"column":14}},"118":{"start":{"line":323,"column":2},"end":{"line":325,"column":3}},"119":{"start":{"line":324,"column":4},"end":{"line":324,"column":28}},"120":{"start":{"line":327,"column":2},"end":{"line":327,"column":35}},"121":{"start":{"line":331,"column":0},"end":{"line":334,"column":3}},"122":{"start":{"line":332,"column":2},"end":{"line":332,"column":38}},"123":{"start":{"line":333,"column":2},"end":{"line":333,"column":18}}},"fnMap":{"0":{"name":"wrapInBase","decl":{"start":{"line":24,"column":9},"end":{"line":24,"column":19}},"loc":{"start":{"line":24,"column":35},"end":{"line":27,"column":1}},"line":24},"1":{"name":"bundleJavaScript","decl":{"start":{"line":30,"column":15},"end":{"line":30,"column":31}},"loc":{"start":{"line":30,"column":34},"end":{"line":52,"column":1}},"line":30},"2":{"name":"bundleCSS","decl":{"start":{"line":55,"column":9},"end":{"line":55,"column":18}},"loc":{"start":{"line":55,"column":21},"end":{"line":79,"column":1}},"line":55},"3":{"name":"(anonymous_3)","decl":{"start":{"line":64,"column":4},"end":{"line":64,"column":5}},"loc":{"start":{"line":64,"column":25},"end":{"line":70,"column":5}},"line":64},"4":{"name":"applyBasePath","decl":{"start":{"line":82,"column":9},"end":{"line":82,"column":22}},"loc":{"start":{"line":82,"column":33},"end":{"line":103,"column":1}},"line":82},"5":{"name":"(anonymous_5)","decl":{"start":{"line":89,"column":20},"end":{"line":89,"column":21}},"loc":{"start":{"line":89,"column":28},"end":{"line":100,"column":3}},"line":89},"6":{"name":"build","decl":{"start":{"line":106,"column":15},"end":{"line":106,"column":20}},"loc":{"start":{"line":106,"column":23},"end":{"line":328,"column":1}},"line":106},"7":{"name":"(anonymous_7)","decl":{"start":{"line":147,"column":20},"end":{"line":147,"column":21}},"loc":{"start":{"line":147,"column":28},"end":{"line":299,"column":3}},"line":147},"8":{"name":"(anonymous_8)","decl":{"start":{"line":171,"column":49},"end":{"line":171,"column":50}},"loc":{"start":{"line":171,"column":57},"end":{"line":298,"column":5}},"line":171},"9":{"name":"(anonymous_9)","decl":{"start":{"line":215,"column":44},"end":{"line":215,"column":45}},"loc":{"start":{"line":215,"column":54},"end":{"line":215,"column":89}},"line":215},"10":{"name":"(anonymous_10)","decl":{"start":{"line":218,"column":40},"end":{"line":218,"column":41}},"loc":{"start":{"line":218,"column":50},"end":{"line":226,"column":9}},"line":218},"11":{"name":"(anonymous_11)","decl":{"start":{"line":238,"column":44},"end":{"line":238,"column":45}},"loc":{"start":{"line":238,"column":54},"end":{"line":238,"column":89}},"line":238},"12":{"name":"(anonymous_12)","decl":{"start":{"line":241,"column":40},"end":{"line":241,"column":41}},"loc":{"start":{"line":241,"column":50},"end":{"line":249,"column":9}},"line":241},"13":{"name":"(anonymous_13)","decl":{"start":{"line":331,"column":14},"end":{"line":331,"column":15}},"loc":{"start":{"line":331,"column":21},"end":{"line":334,"column":1}},"line":331}},"branchMap":{"0":{"loc":{"start":{"line":33,"column":40},"end":{"line":33,"column":76}},"type":"cond-expr","locations":[{"start":{"line":33,"column":48},"end":{"line":33,"column":61}},{"start":{"line":33,"column":64},"end":{"line":33,"column":76}}],"line":33},"1":{"loc":{"start":{"line":39,"column":15},"end":{"line":39,"column":82}},"type":"cond-expr","locations":[{"start":{"line":39,"column":23},"end":{"line":39,"column":49}},{"start":{"line":39,"column":52},"end":{"line":39,"column":82}}],"line":39},"2":{"loc":{"start":{"line":66,"column":6},"end":{"line":68,"column":7}},"type":"if","locations":[{"start":{"line":66,"column":6},"end":{"line":68,"column":7}},{"start":{},"end":{}}],"line":66},"3":{"loc":{"start":{"line":83,"column":2},"end":{"line":83,"column":24}},"type":"if","locations":[{"start":{"line":83,"column":2},"end":{"line":83,"column":24}},{"start":{},"end":{}}],"line":83},"4":{"loc":{"start":{"line":111,"column":19},"end":{"line":111,"column":69}},"type":"binary-expr","locations":[{"start":{"line":111,"column":19},"end":{"line":111,"column":63}},{"start":{"line":111,"column":67},"end":{"line":111,"column":69}}],"line":111},"5":{"loc":{"start":{"line":114,"column":19},"end":{"line":114,"column":103}},"type":"cond-expr","locations":[{"start":{"line":114,"column":47},"end":{"line":114,"column":49}},{"start":{"line":114,"column":53},"end":{"line":114,"column":102}}],"line":114},"6":{"loc":{"start":{"line":114,"column":53},"end":{"line":114,"column":102}},"type":"cond-expr","locations":[{"start":{"line":114,"column":83},"end":{"line":114,"column":97}},{"start":{"line":114,"column":100},"end":{"line":114,"column":102}}],"line":114},"7":{"loc":{"start":{"line":114,"column":53},"end":{"line":114,"column":80}},"type":"binary-expr","locations":[{"start":{"line":114,"column":53},"end":{"line":114,"column":68}},{"start":{"line":114,"column":72},"end":{"line":114,"column":80}}],"line":114},"8":{"loc":{"start":{"line":125,"column":2},"end":{"line":128,"column":3}},"type":"if","locations":[{"start":{"line":125,"column":2},"end":{"line":128,"column":3}},{"start":{},"end":{}}],"line":125},"9":{"loc":{"start":{"line":133,"column":2},"end":{"line":135,"column":3}},"type":"if","locations":[{"start":{"line":133,"column":2},"end":{"line":135,"column":3}},{"start":{},"end":{}}],"line":133},"10":{"loc":{"start":{"line":154,"column":4},"end":{"line":157,"column":5}},"type":"if","locations":[{"start":{"line":154,"column":4},"end":{"line":157,"column":5}},{"start":{},"end":{}}],"line":154},"11":{"loc":{"start":{"line":164,"column":4},"end":{"line":166,"column":5}},"type":"if","locations":[{"start":{"line":164,"column":4},"end":{"line":166,"column":5}},{"start":{},"end":{}}],"line":164},"12":{"loc":{"start":{"line":178,"column":25},"end":{"line":178,"column":63}},"type":"cond-expr","locations":[{"start":{"line":178,"column":48},"end":{"line":178,"column":50}},{"start":{"line":178,"column":53},"end":{"line":178,"column":63}}],"line":178},"13":{"loc":{"start":{"line":185,"column":6},"end":{"line":185,"column":60}},"type":"if","locations":[{"start":{"line":185,"column":6},"end":{"line":185,"column":60}},{"start":{},"end":{}}],"line":185},"14":{"loc":{"start":{"line":186,"column":6},"end":{"line":186,"column":53}},"type":"if","locations":[{"start":{"line":186,"column":6},"end":{"line":186,"column":53}},{"start":{},"end":{}}],"line":186},"15":{"loc":{"start":{"line":189,"column":6},"end":{"line":196,"column":7}},"type":"if","locations":[{"start":{"line":189,"column":6},"end":{"line":196,"column":7}},{"start":{},"end":{}}],"line":189},"16":{"loc":{"start":{"line":189,"column":10},"end":{"line":189,"column":65}},"type":"binary-expr","locations":[{"start":{"line":189,"column":10},"end":{"line":189,"column":41}},{"start":{"line":189,"column":45},"end":{"line":189,"column":65}}],"line":189},"17":{"loc":{"start":{"line":205,"column":20},"end":{"line":205,"column":58}},"type":"cond-expr","locations":[{"start":{"line":205,"column":43},"end":{"line":205,"column":45}},{"start":{"line":205,"column":48},"end":{"line":205,"column":58}}],"line":205},"18":{"loc":{"start":{"line":213,"column":6},"end":{"line":233,"column":7}},"type":"if","locations":[{"start":{"line":213,"column":6},"end":{"line":233,"column":7}},{"start":{},"end":{}}],"line":213},"19":{"loc":{"start":{"line":215,"column":55},"end":{"line":215,"column":69}},"type":"binary-expr","locations":[{"start":{"line":215,"column":55},"end":{"line":215,"column":62}},{"start":{"line":215,"column":66},"end":{"line":215,"column":69}}],"line":215},"20":{"loc":{"start":{"line":215,"column":74},"end":{"line":215,"column":88}},"type":"binary-expr","locations":[{"start":{"line":215,"column":74},"end":{"line":215,"column":81}},{"start":{"line":215,"column":85},"end":{"line":215,"column":88}}],"line":215},"21":{"loc":{"start":{"line":223,"column":14},"end":{"line":223,"column":111}},"type":"cond-expr","locations":[{"start":{"line":223,"column":29},"end":{"line":223,"column":106}},{"start":{"line":223,"column":109},"end":{"line":223,"column":111}}],"line":223},"22":{"loc":{"start":{"line":224,"column":14},"end":{"line":224,"column":118}},"type":"cond-expr","locations":[{"start":{"line":224,"column":32},"end":{"line":224,"column":113}},{"start":{"line":224,"column":116},"end":{"line":224,"column":118}}],"line":224},"23":{"loc":{"start":{"line":236,"column":6},"end":{"line":256,"column":7}},"type":"if","locations":[{"start":{"line":236,"column":6},"end":{"line":256,"column":7}},{"start":{},"end":{}}],"line":236},"24":{"loc":{"start":{"line":238,"column":55},"end":{"line":238,"column":69}},"type":"binary-expr","locations":[{"start":{"line":238,"column":55},"end":{"line":238,"column":62}},{"start":{"line":238,"column":66},"end":{"line":238,"column":69}}],"line":238},"25":{"loc":{"start":{"line":238,"column":74},"end":{"line":238,"column":88}},"type":"binary-expr","locations":[{"start":{"line":238,"column":74},"end":{"line":238,"column":81}},{"start":{"line":238,"column":85},"end":{"line":238,"column":88}}],"line":238},"26":{"loc":{"start":{"line":246,"column":14},"end":{"line":246,"column":111}},"type":"cond-expr","locations":[{"start":{"line":246,"column":29},"end":{"line":246,"column":106}},{"start":{"line":246,"column":109},"end":{"line":246,"column":111}}],"line":246},"27":{"loc":{"start":{"line":247,"column":14},"end":{"line":247,"column":108}},"type":"cond-expr","locations":[{"start":{"line":247,"column":29},"end":{"line":247,"column":103}},{"start":{"line":247,"column":106},"end":{"line":247,"column":108}}],"line":247},"28":{"loc":{"start":{"line":277,"column":30},"end":{"line":277,"column":70}},"type":"cond-expr","locations":[{"start":{"line":277,"column":53},"end":{"line":277,"column":56}},{"start":{"line":277,"column":59},"end":{"line":277,"column":70}}],"line":277},"29":{"loc":{"start":{"line":281,"column":6},"end":{"line":283,"column":7}},"type":"if","locations":[{"start":{"line":281,"column":6},"end":{"line":283,"column":7}},{"start":{},"end":{}}],"line":281},"30":{"loc":{"start":{"line":310,"column":2},"end":{"line":314,"column":3}},"type":"if","locations":[{"start":{"line":310,"column":2},"end":{"line":314,"column":3}},{"start":{},"end":{}}],"line":310},"31":{"loc":{"start":{"line":323,"column":2},"end":{"line":325,"column":3}},"type":"if","locations":[{"start":{"line":323,"column":2},"end":{"line":325,"column":3}},{"start":{},"end":{}}],"line":323}},"s":{"0":0,"1":0,"2":0,"3":0,"4":0,"5":0,"6":0,"7":0,"8":0,"9":0,"10":0,"11":0,"12":0,"13":0,"14":0,"15":0,"16":0,"17":0,"18":0,"19":0,"20":0,"21":0,"22":0,"23":0,"24":0,"25":0,"26":0,"27":0,"28":0,"29":0,"30":0,"31":0,"32":0,"33":0,"34":0,"35":0,"36":0,"37":0,"38":0,"39":0,"40":0,"41":0,"42":0,"43":0,"44":0,"45":0,"46":0,"47":0,"48":0,"49":0,"50":0,"51":0,"52":0,"53":0,"54":0,"55":0,"56":0,"57":0,"58":0,"59":0,"60":0,"61":0,"62":0,"63":0,"64":0,"65":0,"66":0,"67":0,"68":0,"69":0,"70":0,"71":0,"72":0,"73":0,"74":0,"75":0,"76":0,"77":0,"78":0,"79":0,"80":0,"81":0,"82":0,"83":0,"84":0,"85":0,"86":0,"87":0,"88":0,"89":0,"90":0,"91":0,"92":0,"93":0,"94":0,"95":0,"96":0,"97":0,"98":0,"99":0,"100":0,"101":0,"102":0,"103":0,"104":0,"105":0,"106":0,"107":0,"108":0,"109":0,"110":0,"111":0,"112":0,"113":0,"114":0,"115":0,"116":0,"117":0,"118":0,"119":0,"120":0,"121":0,"122":0,"123":0},"f":{"0":0,"1":0,"2":0,"3":0,"4":0,"5":0,"6":0,"7":0,"8":0,"9":0,"10":0,"11":0,"12":0,"13":0},"b":{"0":[0,0],"1":[0,0],"2":[0,0],"3":[0,0],"4":[0,0],"5":[0,0],"6":[0,0],"7":[0,0],"8":[0,0],"9":[0,0],"10":[0,0],"11":[0,0],"12":[0,0],"13":[0,0],"14":[0,0],"15":[0,0],"16":[0,0],"17":[0,0],"18":[0,0],"19":[0,0],"20":[0,0],"21":[0,0],"22":[0,0],"23":[0,0],"24":[0,0],"25":[0,0],"26":[0,0],"27":[0,0],"28":[0,0],"29":[0,0],"30":[0,0],"31":[0,0]}}
,"/Users/peder/projects/anteo/website/scripts/dev-server.js": {"path":"/Users/peder/projects/anteo/website/scripts/dev-server.js","statementMap":{"0":{"start":{"line":1,"column":20},"end":{"line":1,"column":52}},"1":{"start":{"line":2,"column":18},"end":{"line":2,"column":42}},"2":{"start":{"line":5,"column":0},"end":{"line":11,"column":3}},"3":{"start":{"line":14,"column":0},"end":{"line":14,"column":64}},"4":{"start":{"line":17,"column":0},"end":{"line":17,"column":32}},"5":{"start":{"line":18,"column":14},"end":{"line":18,"column":71}},"6":{"start":{"line":21,"column":16},"end":{"line":21,"column":98}},"7":{"start":{"line":24,"column":0},"end":{"line":27,"column":3}},"8":{"start":{"line":25,"column":4},"end":{"line":25,"column":19}},"9":{"start":{"line":26,"column":4},"end":{"line":26,"column":19}}},"fnMap":{"0":{"name":"(anonymous_0)","decl":{"start":{"line":24,"column":21},"end":{"line":24,"column":22}},"loc":{"start":{"line":24,"column":27},"end":{"line":27,"column":1}},"line":24}},"branchMap":{},"s":{"0":0,"1":0,"2":0,"3":0,"4":0,"5":0,"6":0,"7":0,"8":0,"9":0},"f":{"0":0},"b":{}}
,"/Users/peder/projects/anteo/website/scripts/link-checker.js": {"path":"/Users/peder/projects/anteo/website/scripts/link-checker.js","statementMap":{"0":{"start":{"line":1,"column":11},"end":{"line":1,"column":24}},"1":{"start":{"line":2,"column":13},"end":{"line":2,"column":28}},"2":{"start":{"line":3,"column":37},"end":{"line":3,"column":56}},"3":{"start":{"line":4,"column":13},"end":{"line":4,"column":28}},"4":{"start":{"line":5,"column":16},"end":{"line":5,"column":34}},"5":{"start":{"line":6,"column":14},"end":{"line":6,"column":30}},"6":{"start":{"line":9,"column":15},"end":{"line":15,"column":1}},"7":{"start":{"line":18,"column":15},"end":{"line":24,"column":1}},"8":{"start":{"line":27,"column":13},"end":{"line":27,"column":34}},"9":{"start":{"line":28,"column":0},"end":{"line":28,"column":54}},"10":{"start":{"line":28,"column":32},"end":{"line":28,"column":54}},"11":{"start":{"line":29,"column":0},"end":{"line":41,"column":1}},"12":{"start":{"line":30,"column":2},"end":{"line":39,"column":5}},"13":{"start":{"line":40,"column":2},"end":{"line":40,"column":18}},"14":{"start":{"line":44,"column":19},"end":{"line":44,"column":42}},"15":{"start":{"line":45,"column":0},"end":{"line":47,"column":1}},"16":{"start":{"line":46,"column":2},"end":{"line":46,"column":49}},"17":{"start":{"line":51,"column":4},"end":{"line":51,"column":25}},"18":{"start":{"line":52,"column":4},"end":{"line":52,"column":27}},"19":{"start":{"line":53,"column":4},"end":{"line":53,"column":36}},"20":{"start":{"line":54,"column":4},"end":{"line":54,"column":21}},"21":{"start":{"line":55,"column":4},"end":{"line":55,"column":23}},"22":{"start":{"line":56,"column":4},"end":{"line":56,"column":34}},"23":{"start":{"line":57,"column":4},"end":{"line":57,"column":32}},"24":{"start":{"line":58,"column":4},"end":{"line":68,"column":6}},"25":{"start":{"line":72,"column":4},"end":{"line":72,"column":61}},"26":{"start":{"line":73,"column":4},"end":{"line":73,"column":74}},"27":{"start":{"line":76,"column":4},"end":{"line":76,"column":25}},"28":{"start":{"line":79,"column":4},"end":{"line":79,"column":25}},"29":{"start":{"line":82,"column":4},"end":{"line":82,"column":29}},"30":{"start":{"line":85,"column":4},"end":{"line":85,"column":33}},"31":{"start":{"line":88,"column":4},"end":{"line":90,"column":5}},"32":{"start":{"line":89,"column":6},"end":{"line":89,"column":31}},"33":{"start":{"line":93,"column":4},"end":{"line":93,"column":18}},"34":{"start":{"line":97,"column":22},"end":{"line":97,"column":69}},"35":{"start":{"line":98,"column":4},"end":{"line":98,"column":45}},"36":{"start":{"line":100,"column":4},"end":{"line":154,"column":7}},"37":{"start":{"line":101,"column":27},"end":{"line":101,"column":75}},"38":{"start":{"line":102,"column":22},"end":{"line":102,"column":48}},"39":{"start":{"line":103,"column":16},"end":{"line":103,"column":37}},"40":{"start":{"line":105,"column":23},"end":{"line":111,"column":7}},"41":{"start":{"line":114,"column":6},"end":{"line":121,"column":9}},"42":{"start":{"line":115,"column":21},"end":{"line":115,"column":41}},"43":{"start":{"line":116,"column":8},"end":{"line":120,"column":9}},"44":{"start":{"line":117,"column":10},"end":{"line":117,"column":44}},"45":{"start":{"line":118,"column":15},"end":{"line":120,"column":9}},"46":{"start":{"line":119,"column":10},"end":{"line":119,"column":36}},"47":{"start":{"line":124,"column":6},"end":{"line":146,"column":9}},"48":{"start":{"line":125,"column":20},"end":{"line":125,"column":63}},"49":{"start":{"line":126,"column":8},"end":{"line":145,"column":9}},"50":{"start":{"line":127,"column":10},"end":{"line":127,"column":36}},"51":{"start":{"line":130,"column":10},"end":{"line":144,"column":11}},"52":{"start":{"line":131,"column":45},"end":{"line":131,"column":59}},"53":{"start":{"line":132,"column":27},"end":{"line":132,"column":59}},"54":{"start":{"line":133,"column":25},"end":{"line":133,"column":43}},"55":{"start":{"line":135,"column":12},"end":{"line":143,"column":13}},"56":{"start":{"line":136,"column":38},"end":{"line":136,"column":65}},"57":{"start":{"line":137,"column":14},"end":{"line":142,"column":17}},"58":{"start":{"line":149,"column":6},"end":{"line":151,"column":9}},"59":{"start":{"line":150,"column":8},"end":{"line":150,"column":50}},"60":{"start":{"line":153,"column":6},"end":{"line":153,"column":45}},"61":{"start":{"line":156,"column":4},"end":{"line":158,"column":5}},"62":{"start":{"line":157,"column":6},"end":{"line":157,"column":67}},"63":{"start":{"line":163,"column":28},"end":{"line":166,"column":5}},"64":{"start":{"line":168,"column":4},"end":{"line":175,"column":7}},"65":{"start":{"line":169,"column":19},"end":{"line":169,"column":48}},"66":{"start":{"line":170,"column":6},"end":{"line":174,"column":7}},"67":{"start":{"line":172,"column":31},"end":{"line":172,"column":91}},"68":{"start":{"line":173,"column":8},"end":{"line":173,"column":50}},"69":{"start":{"line":178,"column":4},"end":{"line":188,"column":7}},"70":{"start":{"line":179,"column":21},"end":{"line":179,"column":27}},"71":{"start":{"line":180,"column":6},"end":{"line":187,"column":7}},"72":{"start":{"line":181,"column":8},"end":{"line":185,"column":11}},"73":{"start":{"line":186,"column":8},"end":{"line":186,"column":41}},"74":{"start":{"line":190,"column":4},"end":{"line":303,"column":7}},"75":{"start":{"line":192,"column":6},"end":{"line":273,"column":9}},"76":{"start":{"line":193,"column":8},"end":{"line":193,"column":32}},"77":{"start":{"line":195,"column":8},"end":{"line":272,"column":9}},"78":{"start":{"line":197,"column":29},"end":{"line":197,"column":46}},"79":{"start":{"line":198,"column":10},"end":{"line":208,"column":11}},"80":{"start":{"line":199,"column":12},"end":{"line":204,"column":15}},"81":{"start":{"line":205,"column":12},"end":{"line":205,"column":37}},"82":{"start":{"line":207,"column":12},"end":{"line":207,"column":36}},"83":{"start":{"line":211,"column":27},"end":{"line":211,"column":31}},"84":{"start":{"line":212,"column":23},"end":{"line":212,"column":25}},"85":{"start":{"line":215,"column":10},"end":{"line":217,"column":11}},"86":{"start":{"line":216,"column":12},"end":{"line":216,"column":51}},"87":{"start":{"line":220,"column":10},"end":{"line":222,"column":11}},"88":{"start":{"line":221,"column":12},"end":{"line":221,"column":71}},"89":{"start":{"line":225,"column":10},"end":{"line":225,"column":55}},"90":{"start":{"line":228,"column":29},"end":{"line":228,"column":73}},"91":{"start":{"line":229,"column":38},"end":{"line":231,"column":24}},"92":{"start":{"line":233,"column":10},"end":{"line":271,"column":11}},"93":{"start":{"line":234,"column":12},"end":{"line":234,"column":36}},"94":{"start":{"line":237,"column":12},"end":{"line":250,"column":13}},"95":{"start":{"line":238,"column":37},"end":{"line":240,"column":100}},"96":{"start":{"line":242,"column":14},"end":{"line":249,"column":15}},"97":{"start":{"line":243,"column":16},"end":{"line":248,"column":19}},"98":{"start":{"line":253,"column":29},"end":{"line":253,"column":58}},"99":{"start":{"line":254,"column":27},"end":{"line":254,"column":58}},"100":{"start":{"line":255,"column":12},"end":{"line":262,"column":13}},"101":{"start":{"line":256,"column":14},"end":{"line":261,"column":17}},"102":{"start":{"line":264,"column":12},"end":{"line":269,"column":15}},"103":{"start":{"line":270,"column":12},"end":{"line":270,"column":37}},"104":{"start":{"line":276,"column":6},"end":{"line":302,"column":9}},"105":{"start":{"line":277,"column":26},"end":{"line":277,"column":98}},"106":{"start":{"line":278,"column":26},"end":{"line":278,"column":69}},"107":{"start":{"line":280,"column":8},"end":{"line":301,"column":9}},"108":{"start":{"line":282,"column":34},"end":{"line":282,"column":84}},"109":{"start":{"line":283,"column":26},"end":{"line":283,"column":88}},"110":{"start":{"line":283,"column":54},"end":{"line":283,"column":87}},"111":{"start":{"line":285,"column":10},"end":{"line":300,"column":11}},"112":{"start":{"line":286,"column":12},"end":{"line":291,"column":15}},"113":{"start":{"line":292,"column":12},"end":{"line":292,"column":39}},"114":{"start":{"line":294,"column":12},"end":{"line":299,"column":15}},"115":{"start":{"line":308,"column":18},"end":{"line":308,"column":27}},"116":{"start":{"line":310,"column":4},"end":{"line":331,"column":7}},"117":{"start":{"line":311,"column":29},"end":{"line":311,"column":57}},"118":{"start":{"line":312,"column":6},"end":{"line":314,"column":7}},"119":{"start":{"line":313,"column":8},"end":{"line":313,"column":45}},"120":{"start":{"line":316,"column":6},"end":{"line":330,"column":9}},"121":{"start":{"line":317,"column":8},"end":{"line":329,"column":9}},"122":{"start":{"line":318,"column":27},"end":{"line":318,"column":45}},"123":{"start":{"line":319,"column":10},"end":{"line":321,"column":11}},"124":{"start":{"line":320,"column":12},"end":{"line":320,"column":71}},"125":{"start":{"line":322,"column":10},"end":{"line":322,"column":54}},"126":{"start":{"line":325,"column":10},"end":{"line":325,"column":52}},"127":{"start":{"line":326,"column":10},"end":{"line":328,"column":11}},"128":{"start":{"line":327,"column":12},"end":{"line":327,"column":70}},"129":{"start":{"line":334,"column":20},"end":{"line":334,"column":29}},"130":{"start":{"line":335,"column":18},"end":{"line":335,"column":20}},"131":{"start":{"line":337,"column":4},"end":{"line":354,"column":7}},"132":{"start":{"line":338,"column":23},"end":{"line":338,"column":47}},"133":{"start":{"line":341,"column":25},"end":{"line":346,"column":7}},"134":{"start":{"line":348,"column":6},"end":{"line":353,"column":9}},"135":{"start":{"line":349,"column":8},"end":{"line":352,"column":9}},"136":{"start":{"line":350,"column":10},"end":{"line":350,"column":30}},"137":{"start":{"line":351,"column":10},"end":{"line":351,"column":31}},"138":{"start":{"line":356,"column":4},"end":{"line":361,"column":5}},"139":{"start":{"line":357,"column":6},"end":{"line":357,"column":86}},"140":{"start":{"line":358,"column":6},"end":{"line":358,"column":86}},"141":{"start":{"line":359,"column":11},"end":{"line":361,"column":5}},"142":{"start":{"line":360,"column":6},"end":{"line":360,"column":62}},"143":{"start":{"line":363,"column":4},"end":{"line":374,"column":5}},"144":{"start":{"line":364,"column":22},"end":{"line":364,"column":35}},"145":{"start":{"line":365,"column":6},"end":{"line":365,"column":39}},"146":{"start":{"line":367,"column":20},"end":{"line":367,"column":51}},"147":{"start":{"line":368,"column":6},"end":{"line":373,"column":9}},"148":{"start":{"line":369,"column":8},"end":{"line":372,"column":9}},"149":{"start":{"line":370,"column":10},"end":{"line":370,"column":28}},"150":{"start":{"line":371,"column":10},"end":{"line":371,"column":27}},"151":{"start":{"line":377,"column":4},"end":{"line":388,"column":7}},"152":{"start":{"line":378,"column":29},"end":{"line":378,"column":57}},"153":{"start":{"line":379,"column":6},"end":{"line":387,"column":7}},"154":{"start":{"line":380,"column":46},"end":{"line":380,"column":88}},"155":{"start":{"line":381,"column":8},"end":{"line":385,"column":11}},"156":{"start":{"line":386,"column":8},"end":{"line":386,"column":38}},"157":{"start":{"line":392,"column":4},"end":{"line":424,"column":5}},"158":{"start":{"line":394,"column":23},"end":{"line":394,"column":38}},"159":{"start":{"line":395,"column":6},"end":{"line":395,"column":49}},"160":{"start":{"line":396,"column":6},"end":{"line":396,"column":63}},"161":{"start":{"line":397,"column":6},"end":{"line":397,"column":62}},"162":{"start":{"line":399,"column":6},"end":{"line":423,"column":7}},"163":{"start":{"line":400,"column":8},"end":{"line":422,"column":9}},"164":{"start":{"line":401,"column":27},"end":{"line":401,"column":61}},"165":{"start":{"line":403,"column":10},"end":{"line":413,"column":11}},"166":{"start":{"line":404,"column":12},"end":{"line":411,"column":15}},"167":{"start":{"line":412,"column":12},"end":{"line":412,"column":42}},"168":{"start":{"line":416,"column":10},"end":{"line":421,"column":13}},"169":{"start":{"line":428,"column":29},"end":{"line":428,"column":38}},"170":{"start":{"line":431,"column":4},"end":{"line":436,"column":7}},"171":{"start":{"line":432,"column":6},"end":{"line":435,"column":9}},"172":{"start":{"line":433,"column":26},"end":{"line":433,"column":103}},"173":{"start":{"line":434,"column":8},"end":{"line":434,"column":60}},"174":{"start":{"line":439,"column":23},"end":{"line":439,"column":89}},"175":{"start":{"line":441,"column":4},"end":{"line":453,"column":7}},"176":{"start":{"line":442,"column":27},"end":{"line":442,"column":75}},"177":{"start":{"line":443,"column":29},"end":{"line":443,"column":61}},"178":{"start":{"line":445,"column":6},"end":{"line":452,"column":7}},"179":{"start":{"line":446,"column":8},"end":{"line":450,"column":11}},"180":{"start":{"line":451,"column":8},"end":{"line":451,"column":34}},"181":{"start":{"line":457,"column":4},"end":{"line":457,"column":49}},"182":{"start":{"line":457,"column":37},"end":{"line":457,"column":49}},"183":{"start":{"line":458,"column":4},"end":{"line":458,"column":49}},"184":{"start":{"line":458,"column":37},"end":{"line":458,"column":49}},"185":{"start":{"line":459,"column":4},"end":{"line":459,"column":50}},"186":{"start":{"line":459,"column":38},"end":{"line":459,"column":50}},"187":{"start":{"line":460,"column":4},"end":{"line":460,"column":16}},"188":{"start":{"line":465,"column":4},"end":{"line":465,"column":46}},"189":{"start":{"line":465,"column":25},"end":{"line":465,"column":46}},"190":{"start":{"line":468,"column":21},"end":{"line":468,"column":43}},"191":{"start":{"line":471,"column":4},"end":{"line":473,"column":5}},"192":{"start":{"line":472,"column":6},"end":{"line":472,"column":45}},"193":{"start":{"line":475,"column":4},"end":{"line":475,"column":22}},"194":{"start":{"line":480,"column":18},"end":{"line":483,"column":28}},"195":{"start":{"line":484,"column":4},"end":{"line":484,"column":47}},"196":{"start":{"line":488,"column":4},"end":{"line":488,"column":58}},"197":{"start":{"line":491,"column":4},"end":{"line":497,"column":5}},"198":{"start":{"line":492,"column":6},"end":{"line":492,"column":85}},"199":{"start":{"line":493,"column":6},"end":{"line":496,"column":9}},"200":{"start":{"line":494,"column":8},"end":{"line":494,"column":84}},"201":{"start":{"line":495,"column":8},"end":{"line":495,"column":47}},"202":{"start":{"line":500,"column":4},"end":{"line":506,"column":5}},"203":{"start":{"line":501,"column":6},"end":{"line":501,"column":116}},"204":{"start":{"line":502,"column":6},"end":{"line":505,"column":9}},"205":{"start":{"line":503,"column":8},"end":{"line":503,"column":81}},"206":{"start":{"line":504,"column":8},"end":{"line":504,"column":84}},"207":{"start":{"line":509,"column":4},"end":{"line":526,"column":5}},"208":{"start":{"line":510,"column":6},"end":{"line":510,"column":94}},"209":{"start":{"line":511,"column":6},"end":{"line":525,"column":9}},"210":{"start":{"line":512,"column":8},"end":{"line":523,"column":9}},"211":{"start":{"line":513,"column":10},"end":{"line":513,"column":91}},"212":{"start":{"line":514,"column":15},"end":{"line":523,"column":9}},"213":{"start":{"line":515,"column":10},"end":{"line":515,"column":92}},"214":{"start":{"line":516,"column":15},"end":{"line":523,"column":9}},"215":{"start":{"line":517,"column":10},"end":{"line":517,"column":111}},"216":{"start":{"line":518,"column":15},"end":{"line":523,"column":9}},"217":{"start":{"line":519,"column":10},"end":{"line":519,"column":110}},"218":{"start":{"line":520,"column":10},"end":{"line":520,"column":87}},"219":{"start":{"line":522,"column":10},"end":{"line":522,"column":95}},"220":{"start":{"line":524,"column":8},"end":{"line":524,"column":49}},"221":{"start":{"line":529,"column":4},"end":{"line":529,"column":51}},"222":{"start":{"line":530,"column":4},"end":{"line":530,"column":89}},"223":{"start":{"line":531,"column":4},"end":{"line":531,"column":89}},"224":{"start":{"line":532,"column":4},"end":{"line":532,"column":109}},"225":{"start":{"line":533,"column":4},"end":{"line":533,"column":99}},"226":{"start":{"line":534,"column":4},"end":{"line":534,"column":103}},"227":{"start":{"line":535,"column":4},"end":{"line":535,"column":104}},"228":{"start":{"line":536,"column":4},"end":{"line":536,"column":96}},"229":{"start":{"line":537,"column":4},"end":{"line":537,"column":89}},"230":{"start":{"line":538,"column":4},"end":{"line":538,"column":89}},"231":{"start":{"line":540,"column":21},"end":{"line":540,"column":51}},"232":{"start":{"line":541,"column":4},"end":{"line":541,"column":194}},"233":{"start":{"line":543,"column":4},"end":{"line":543,"column":27}},"234":{"start":{"line":548,"column":16},"end":{"line":548,"column":39}},"235":{"start":{"line":549,"column":0},"end":{"line":552,"column":3}},"236":{"start":{"line":550,"column":2},"end":{"line":550,"column":45}},"237":{"start":{"line":551,"column":2},"end":{"line":551,"column":18}}},"fnMap":{"0":{"name":"(anonymous_0)","decl":{"start":{"line":50,"column":2},"end":{"line":50,"column":3}},"loc":{"start":{"line":50,"column":22},"end":{"line":69,"column":3}},"line":50},"1":{"name":"(anonymous_1)","decl":{"start":{"line":71,"column":2},"end":{"line":71,"column":3}},"loc":{"start":{"line":71,"column":14},"end":{"line":94,"column":3}},"line":71},"2":{"name":"(anonymous_2)","decl":{"start":{"line":96,"column":2},"end":{"line":96,"column":3}},"loc":{"start":{"line":96,"column":18},"end":{"line":159,"column":3}},"line":96},"3":{"name":"(anonymous_3)","decl":{"start":{"line":100,"column":22},"end":{"line":100,"column":23}},"loc":{"start":{"line":100,"column":30},"end":{"line":154,"column":5}},"line":100},"4":{"name":"(anonymous_4)","decl":{"start":{"line":114,"column":24},"end":{"line":114,"column":25}},"loc":{"start":{"line":114,"column":37},"end":{"line":121,"column":7}},"line":114},"5":{"name":"(anonymous_5)","decl":{"start":{"line":124,"column":50},"end":{"line":124,"column":51}},"loc":{"start":{"line":124,"column":63},"end":{"line":146,"column":7}},"line":124},"6":{"name":"(anonymous_6)","decl":{"start":{"line":149,"column":21},"end":{"line":149,"column":22}},"loc":{"start":{"line":149,"column":34},"end":{"line":151,"column":7}},"line":149},"7":{"name":"(anonymous_7)","decl":{"start":{"line":161,"column":2},"end":{"line":161,"column":3}},"loc":{"start":{"line":161,"column":18},"end":{"line":304,"column":3}},"line":161},"8":{"name":"(anonymous_8)","decl":{"start":{"line":168,"column":23},"end":{"line":168,"column":24}},"loc":{"start":{"line":168,"column":47},"end":{"line":175,"column":5}},"line":168},"9":{"name":"(anonymous_9)","decl":{"start":{"line":178,"column":31},"end":{"line":178,"column":32}},"loc":{"start":{"line":178,"column":41},"end":{"line":188,"column":5}},"line":178},"10":{"name":"(anonymous_10)","decl":{"start":{"line":190,"column":23},"end":{"line":190,"column":24}},"loc":{"start":{"line":190,"column":47},"end":{"line":303,"column":5}},"line":190},"11":{"name":"(anonymous_11)","decl":{"start":{"line":192,"column":29},"end":{"line":192,"column":30}},"loc":{"start":{"line":192,"column":37},"end":{"line":273,"column":7}},"line":192},"12":{"name":"(anonymous_12)","decl":{"start":{"line":276,"column":30},"end":{"line":276,"column":31}},"loc":{"start":{"line":276,"column":39},"end":{"line":302,"column":7}},"line":276},"13":{"name":"(anonymous_13)","decl":{"start":{"line":283,"column":47},"end":{"line":283,"column":48}},"loc":{"start":{"line":283,"column":54},"end":{"line":283,"column":87}},"line":283},"14":{"name":"(anonymous_14)","decl":{"start":{"line":306,"column":2},"end":{"line":306,"column":3}},"loc":{"start":{"line":306,"column":22},"end":{"line":389,"column":3}},"line":306},"15":{"name":"(anonymous_15)","decl":{"start":{"line":310,"column":23},"end":{"line":310,"column":24}},"loc":{"start":{"line":310,"column":47},"end":{"line":331,"column":5}},"line":310},"16":{"name":"(anonymous_16)","decl":{"start":{"line":316,"column":29},"end":{"line":316,"column":30}},"loc":{"start":{"line":316,"column":37},"end":{"line":330,"column":7}},"line":316},"17":{"name":"(anonymous_17)","decl":{"start":{"line":337,"column":30},"end":{"line":337,"column":31}},"loc":{"start":{"line":337,"column":38},"end":{"line":354,"column":5}},"line":337},"18":{"name":"(anonymous_18)","decl":{"start":{"line":348,"column":25},"end":{"line":348,"column":26}},"loc":{"start":{"line":348,"column":36},"end":{"line":353,"column":7}},"line":348},"19":{"name":"(anonymous_19)","decl":{"start":{"line":368,"column":20},"end":{"line":368,"column":21}},"loc":{"start":{"line":368,"column":28},"end":{"line":373,"column":7}},"line":368},"20":{"name":"(anonymous_20)","decl":{"start":{"line":377,"column":23},"end":{"line":377,"column":24}},"loc":{"start":{"line":377,"column":40},"end":{"line":388,"column":5}},"line":377},"21":{"name":"(anonymous_21)","decl":{"start":{"line":380,"column":35},"end":{"line":380,"column":36}},"loc":{"start":{"line":380,"column":46},"end":{"line":380,"column":88}},"line":380},"22":{"name":"(anonymous_22)","decl":{"start":{"line":391,"column":2},"end":{"line":391,"column":3}},"loc":{"start":{"line":391,"column":26},"end":{"line":425,"column":3}},"line":391},"23":{"name":"(anonymous_23)","decl":{"start":{"line":427,"column":2},"end":{"line":427,"column":3}},"loc":{"start":{"line":427,"column":22},"end":{"line":454,"column":3}},"line":427},"24":{"name":"(anonymous_24)","decl":{"start":{"line":431,"column":23},"end":{"line":431,"column":24}},"loc":{"start":{"line":431,"column":35},"end":{"line":436,"column":5}},"line":431},"25":{"name":"(anonymous_25)","decl":{"start":{"line":432,"column":30},"end":{"line":432,"column":31}},"loc":{"start":{"line":432,"column":39},"end":{"line":435,"column":7}},"line":432},"26":{"name":"(anonymous_26)","decl":{"start":{"line":441,"column":23},"end":{"line":441,"column":24}},"loc":{"start":{"line":441,"column":31},"end":{"line":453,"column":5}},"line":441},"27":{"name":"(anonymous_27)","decl":{"start":{"line":456,"column":2},"end":{"line":456,"column":3}},"loc":{"start":{"line":456,"column":27},"end":{"line":461,"column":3}},"line":456},"28":{"name":"(anonymous_28)","decl":{"start":{"line":463,"column":2},"end":{"line":463,"column":3}},"loc":{"start":{"line":463,"column":19},"end":{"line":476,"column":3}},"line":463},"29":{"name":"(anonymous_29)","decl":{"start":{"line":478,"column":2},"end":{"line":478,"column":3}},"loc":{"start":{"line":478,"column":30},"end":{"line":485,"column":3}},"line":478},"30":{"name":"(anonymous_30)","decl":{"start":{"line":487,"column":2},"end":{"line":487,"column":3}},"loc":{"start":{"line":487,"column":11},"end":{"line":544,"column":3}},"line":487},"31":{"name":"(anonymous_31)","decl":{"start":{"line":493,"column":26},"end":{"line":493,"column":27}},"loc":{"start":{"line":493,"column":35},"end":{"line":496,"column":7}},"line":493},"32":{"name":"(anonymous_32)","decl":{"start":{"line":502,"column":39},"end":{"line":502,"column":40}},"loc":{"start":{"line":502,"column":47},"end":{"line":505,"column":7}},"line":502},"33":{"name":"(anonymous_33)","decl":{"start":{"line":511,"column":28},"end":{"line":511,"column":29}},"loc":{"start":{"line":511,"column":39},"end":{"line":525,"column":7}},"line":511},"34":{"name":"(anonymous_34)","decl":{"start":{"line":549,"column":20},"end":{"line":549,"column":21}},"loc":{"start":{"line":549,"column":27},"end":{"line":552,"column":1}},"line":549}},"branchMap":{"0":{"loc":{"start":{"line":28,"column":0},"end":{"line":28,"column":54}},"type":"if","locations":[{"start":{"line":28,"column":0},"end":{"line":28,"column":54}},{"start":{},"end":{}}],"line":28},"1":{"loc":{"start":{"line":29,"column":0},"end":{"line":41,"column":1}},"type":"if","locations":[{"start":{"line":29,"column":0},"end":{"line":41,"column":1}},{"start":{},"end":{}}],"line":29},"2":{"loc":{"start":{"line":45,"column":0},"end":{"line":47,"column":1}},"type":"if","locations":[{"start":{"line":45,"column":0},"end":{"line":47,"column":1}},{"start":{},"end":{}}],"line":45},"3":{"loc":{"start":{"line":45,"column":4},"end":{"line":45,"column":45}},"type":"binary-expr","locations":[{"start":{"line":45,"column":4},"end":{"line":45,"column":21}},{"start":{"line":45,"column":25},"end":{"line":45,"column":45}}],"line":45},"4":{"loc":{"start":{"line":88,"column":4},"end":{"line":90,"column":5}},"type":"if","locations":[{"start":{"line":88,"column":4},"end":{"line":90,"column":5}},{"start":{},"end":{}}],"line":88},"5":{"loc":{"start":{"line":116,"column":8},"end":{"line":120,"column":9}},"type":"if","locations":[{"start":{"line":116,"column":8},"end":{"line":120,"column":9}},{"start":{"line":118,"column":15},"end":{"line":120,"column":9}}],"line":116},"6":{"loc":{"start":{"line":116,"column":12},"end":{"line":116,"column":69}},"type":"binary-expr","locations":[{"start":{"line":116,"column":12},"end":{"line":116,"column":38}},{"start":{"line":116,"column":42},"end":{"line":116,"column":69}}],"line":116},"7":{"loc":{"start":{"line":118,"column":15},"end":{"line":120,"column":9}},"type":"if","locations":[{"start":{"line":118,"column":15},"end":{"line":120,"column":9}},{"start":{},"end":{}}],"line":118},"8":{"loc":{"start":{"line":118,"column":19},"end":{"line":118,"column":86}},"type":"binary-expr","locations":[{"start":{"line":118,"column":19},"end":{"line":118,"column":39}},{"start":{"line":118,"column":43},"end":{"line":118,"column":63}},{"start":{"line":118,"column":67},"end":{"line":118,"column":86}}],"line":118},"9":{"loc":{"start":{"line":125,"column":20},"end":{"line":125,"column":63}},"type":"binary-expr","locations":[{"start":{"line":125,"column":20},"end":{"line":125,"column":39}},{"start":{"line":125,"column":43},"end":{"line":125,"column":63}}],"line":125},"10":{"loc":{"start":{"line":126,"column":8},"end":{"line":145,"column":9}},"type":"if","locations":[{"start":{"line":126,"column":8},"end":{"line":145,"column":9}},{"start":{},"end":{}}],"line":126},"11":{"loc":{"start":{"line":126,"column":12},"end":{"line":126,"column":67}},"type":"binary-expr","locations":[{"start":{"line":126,"column":12},"end":{"line":126,"column":15}},{"start":{"line":126,"column":19},"end":{"line":126,"column":42}},{"start":{"line":126,"column":46},"end":{"line":126,"column":67}}],"line":126},"12":{"loc":{"start":{"line":130,"column":10},"end":{"line":144,"column":11}},"type":"if","locations":[{"start":{"line":130,"column":10},"end":{"line":144,"column":11}},{"start":{},"end":{}}],"line":130},"13":{"loc":{"start":{"line":130,"column":14},"end":{"line":130,"column":54}},"type":"binary-expr","locations":[{"start":{"line":130,"column":14},"end":{"line":130,"column":33}},{"start":{"line":130,"column":37},"end":{"line":130,"column":54}}],"line":130},"14":{"loc":{"start":{"line":135,"column":12},"end":{"line":143,"column":13}},"type":"if","locations":[{"start":{"line":135,"column":12},"end":{"line":143,"column":13}},{"start":{},"end":{}}],"line":135},"15":{"loc":{"start":{"line":156,"column":4},"end":{"line":158,"column":5}},"type":"if","locations":[{"start":{"line":156,"column":4},"end":{"line":158,"column":5}},{"start":{},"end":{}}],"line":156},"16":{"loc":{"start":{"line":170,"column":6},"end":{"line":174,"column":7}},"type":"if","locations":[{"start":{"line":170,"column":6},"end":{"line":174,"column":7}},{"start":{},"end":{}}],"line":170},"17":{"loc":{"start":{"line":170,"column":10},"end":{"line":170,"column":39}},"type":"binary-expr","locations":[{"start":{"line":170,"column":10},"end":{"line":170,"column":14}},{"start":{"line":170,"column":18},"end":{"line":170,"column":39}}],"line":170},"18":{"loc":{"start":{"line":180,"column":6},"end":{"line":187,"column":7}},"type":"if","locations":[{"start":{"line":180,"column":6},"end":{"line":187,"column":7}},{"start":{},"end":{}}],"line":180},"19":{"loc":{"start":{"line":180,"column":10},"end":{"line":180,"column":101}},"type":"binary-expr","locations":[{"start":{"line":180,"column":10},"end":{"line":180,"column":41}},{"start":{"line":180,"column":45},"end":{"line":180,"column":71}},{"start":{"line":180,"column":75},"end":{"line":180,"column":101}}],"line":180},"20":{"loc":{"start":{"line":195,"column":8},"end":{"line":272,"column":9}},"type":"if","locations":[{"start":{"line":195,"column":8},"end":{"line":272,"column":9}},{"start":{"line":209,"column":15},"end":{"line":272,"column":9}}],"line":195},"21":{"loc":{"start":{"line":198,"column":10},"end":{"line":208,"column":11}},"type":"if","locations":[{"start":{"line":198,"column":10},"end":{"line":208,"column":11}},{"start":{"line":206,"column":17},"end":{"line":208,"column":11}}],"line":198},"22":{"loc":{"start":{"line":198,"column":14},"end":{"line":198,"column":66}},"type":"binary-expr","locations":[{"start":{"line":198,"column":14},"end":{"line":198,"column":24}},{"start":{"line":198,"column":28},"end":{"line":198,"column":66}}],"line":198},"23":{"loc":{"start":{"line":215,"column":10},"end":{"line":217,"column":11}},"type":"if","locations":[{"start":{"line":215,"column":10},"end":{"line":217,"column":11}},{"start":{},"end":{}}],"line":215},"24":{"loc":{"start":{"line":220,"column":10},"end":{"line":222,"column":11}},"type":"if","locations":[{"start":{"line":220,"column":10},"end":{"line":222,"column":11}},{"start":{},"end":{}}],"line":220},"25":{"loc":{"start":{"line":229,"column":38},"end":{"line":231,"column":24}},"type":"cond-expr","locations":[{"start":{"line":230,"column":14},"end":{"line":230,"column":72}},{"start":{"line":231,"column":14},"end":{"line":231,"column":24}}],"line":229},"26":{"loc":{"start":{"line":233,"column":10},"end":{"line":271,"column":11}},"type":"if","locations":[{"start":{"line":233,"column":10},"end":{"line":271,"column":11}},{"start":{"line":263,"column":17},"end":{"line":271,"column":11}}],"line":233},"27":{"loc":{"start":{"line":233,"column":14},"end":{"line":233,"column":71}},"type":"binary-expr","locations":[{"start":{"line":233,"column":14},"end":{"line":233,"column":36}},{"start":{"line":233,"column":40},"end":{"line":233,"column":71}}],"line":233},"28":{"loc":{"start":{"line":237,"column":12},"end":{"line":250,"column":13}},"type":"if","locations":[{"start":{"line":237,"column":12},"end":{"line":250,"column":13}},{"start":{},"end":{}}],"line":237},"29":{"loc":{"start":{"line":238,"column":37},"end":{"line":240,"column":100}},"type":"binary-expr","locations":[{"start":{"line":238,"column":37},"end":{"line":238,"column":63}},{"start":{"line":239,"column":35},"end":{"line":239,"column":76}},{"start":{"line":240,"column":35},"end":{"line":240,"column":100}}],"line":238},"30":{"loc":{"start":{"line":242,"column":14},"end":{"line":249,"column":15}},"type":"if","locations":[{"start":{"line":242,"column":14},"end":{"line":249,"column":15}},{"start":{},"end":{}}],"line":242},"31":{"loc":{"start":{"line":242,"column":18},"end":{"line":242,"column":76}},"type":"binary-expr","locations":[{"start":{"line":242,"column":18},"end":{"line":242,"column":32}},{"start":{"line":242,"column":36},"end":{"line":242,"column":76}}],"line":242},"32":{"loc":{"start":{"line":255,"column":12},"end":{"line":262,"column":13}},"type":"if","locations":[{"start":{"line":255,"column":12},"end":{"line":262,"column":13}},{"start":{},"end":{}}],"line":255},"33":{"loc":{"start":{"line":255,"column":16},"end":{"line":255,"column":57}},"type":"binary-expr","locations":[{"start":{"line":255,"column":16},"end":{"line":255,"column":24}},{"start":{"line":255,"column":28},"end":{"line":255,"column":34}},{"start":{"line":255,"column":38},"end":{"line":255,"column":57}}],"line":255},"34":{"loc":{"start":{"line":277,"column":26},"end":{"line":277,"column":98}},"type":"cond-expr","locations":[{"start":{"line":277,"column":50},"end":{"line":277,"column":55}},{"start":{"line":277,"column":58},"end":{"line":277,"column":98}}],"line":277},"35":{"loc":{"start":{"line":280,"column":8},"end":{"line":301,"column":9}},"type":"if","locations":[{"start":{"line":280,"column":8},"end":{"line":301,"column":9}},{"start":{},"end":{}}],"line":280},"36":{"loc":{"start":{"line":285,"column":10},"end":{"line":300,"column":11}},"type":"if","locations":[{"start":{"line":285,"column":10},"end":{"line":300,"column":11}},{"start":{"line":293,"column":17},"end":{"line":300,"column":11}}],"line":285},"37":{"loc":{"start":{"line":312,"column":6},"end":{"line":314,"column":7}},"type":"if","locations":[{"start":{"line":312,"column":6},"end":{"line":314,"column":7}},{"start":{},"end":{}}],"line":312},"38":{"loc":{"start":{"line":317,"column":8},"end":{"line":329,"column":9}},"type":"if","locations":[{"start":{"line":317,"column":8},"end":{"line":329,"column":9}},{"start":{},"end":{}}],"line":317},"39":{"loc":{"start":{"line":319,"column":10},"end":{"line":321,"column":11}},"type":"if","locations":[{"start":{"line":319,"column":10},"end":{"line":321,"column":11}},{"start":{},"end":{}}],"line":319},"40":{"loc":{"start":{"line":326,"column":10},"end":{"line":328,"column":11}},"type":"if","locations":[{"start":{"line":326,"column":10},"end":{"line":328,"column":11}},{"start":{},"end":{}}],"line":326},"41":{"loc":{"start":{"line":349,"column":8},"end":{"line":352,"column":9}},"type":"if","locations":[{"start":{"line":349,"column":8},"end":{"line":352,"column":9}},{"start":{},"end":{}}],"line":349},"42":{"loc":{"start":{"line":356,"column":4},"end":{"line":361,"column":5}},"type":"if","locations":[{"start":{"line":356,"column":4},"end":{"line":361,"column":5}},{"start":{"line":359,"column":11},"end":{"line":361,"column":5}}],"line":356},"43":{"loc":{"start":{"line":359,"column":11},"end":{"line":361,"column":5}},"type":"if","locations":[{"start":{"line":359,"column":11},"end":{"line":361,"column":5}},{"start":{},"end":{}}],"line":359},"44":{"loc":{"start":{"line":367,"column":20},"end":{"line":367,"column":51}},"type":"binary-expr","locations":[{"start":{"line":367,"column":20},"end":{"line":367,"column":38}},{"start":{"line":367,"column":42},"end":{"line":367,"column":51}}],"line":367},"45":{"loc":{"start":{"line":369,"column":8},"end":{"line":372,"column":9}},"type":"if","locations":[{"start":{"line":369,"column":8},"end":{"line":372,"column":9}},{"start":{},"end":{}}],"line":369},"46":{"loc":{"start":{"line":369,"column":12},"end":{"line":369,"column":49}},"type":"binary-expr","locations":[{"start":{"line":369,"column":12},"end":{"line":369,"column":30}},{"start":{"line":369,"column":34},"end":{"line":369,"column":49}}],"line":369},"47":{"loc":{"start":{"line":379,"column":6},"end":{"line":387,"column":7}},"type":"if","locations":[{"start":{"line":379,"column":6},"end":{"line":387,"column":7}},{"start":{},"end":{}}],"line":379},"48":{"loc":{"start":{"line":379,"column":10},"end":{"line":380,"column":89}},"type":"binary-expr","locations":[{"start":{"line":379,"column":10},"end":{"line":379,"column":50}},{"start":{"line":380,"column":10},"end":{"line":380,"column":89}}],"line":379},"49":{"loc":{"start":{"line":399,"column":6},"end":{"line":423,"column":7}},"type":"if","locations":[{"start":{"line":399,"column":6},"end":{"line":423,"column":7}},{"start":{},"end":{}}],"line":399},"50":{"loc":{"start":{"line":403,"column":10},"end":{"line":413,"column":11}},"type":"if","locations":[{"start":{"line":403,"column":10},"end":{"line":413,"column":11}},{"start":{},"end":{}}],"line":403},"51":{"loc":{"start":{"line":403,"column":14},"end":{"line":403,"column":104}},"type":"binary-expr","locations":[{"start":{"line":403,"column":14},"end":{"line":403,"column":56}},{"start":{"line":403,"column":60},"end":{"line":403,"column":104}}],"line":403},"52":{"loc":{"start":{"line":433,"column":26},"end":{"line":433,"column":103}},"type":"cond-expr","locations":[{"start":{"line":433,"column":50},"end":{"line":433,"column":55}},{"start":{"line":433,"column":58},"end":{"line":433,"column":103}}],"line":433},"53":{"loc":{"start":{"line":445,"column":6},"end":{"line":452,"column":7}},"type":"if","locations":[{"start":{"line":445,"column":6},"end":{"line":452,"column":7}},{"start":{},"end":{}}],"line":445},"54":{"loc":{"start":{"line":457,"column":4},"end":{"line":457,"column":49}},"type":"if","locations":[{"start":{"line":457,"column":4},"end":{"line":457,"column":49}},{"start":{},"end":{}}],"line":457},"55":{"loc":{"start":{"line":458,"column":4},"end":{"line":458,"column":49}},"type":"if","locations":[{"start":{"line":458,"column":4},"end":{"line":458,"column":49}},{"start":{},"end":{}}],"line":458},"56":{"loc":{"start":{"line":459,"column":4},"end":{"line":459,"column":50}},"type":"if","locations":[{"start":{"line":459,"column":4},"end":{"line":459,"column":50}},{"start":{},"end":{}}],"line":459},"57":{"loc":{"start":{"line":465,"column":4},"end":{"line":465,"column":46}},"type":"if","locations":[{"start":{"line":465,"column":4},"end":{"line":465,"column":46}},{"start":{},"end":{}}],"line":465},"58":{"loc":{"start":{"line":465,"column":8},"end":{"line":465,"column":23}},"type":"binary-expr","locations":[{"start":{"line":465,"column":8},"end":{"line":465,"column":10}},{"start":{"line":465,"column":14},"end":{"line":465,"column":23}}],"line":465},"59":{"loc":{"start":{"line":471,"column":4},"end":{"line":473,"column":5}},"type":"if","locations":[{"start":{"line":471,"column":4},"end":{"line":473,"column":5}},{"start":{},"end":{}}],"line":471},"60":{"loc":{"start":{"line":491,"column":4},"end":{"line":497,"column":5}},"type":"if","locations":[{"start":{"line":491,"column":4},"end":{"line":497,"column":5}},{"start":{},"end":{}}],"line":491},"61":{"loc":{"start":{"line":500,"column":4},"end":{"line":506,"column":5}},"type":"if","locations":[{"start":{"line":500,"column":4},"end":{"line":506,"column":5}},{"start":{},"end":{}}],"line":500},"62":{"loc":{"start":{"line":509,"column":4},"end":{"line":526,"column":5}},"type":"if","locations":[{"start":{"line":509,"column":4},"end":{"line":526,"column":5}},{"start":{},"end":{}}],"line":509},"63":{"loc":{"start":{"line":512,"column":8},"end":{"line":523,"column":9}},"type":"if","locations":[{"start":{"line":512,"column":8},"end":{"line":523,"column":9}},{"start":{"line":514,"column":15},"end":{"line":523,"column":9}}],"line":512},"64":{"loc":{"start":{"line":514,"column":15},"end":{"line":523,"column":9}},"type":"if","locations":[{"start":{"line":514,"column":15},"end":{"line":523,"column":9}},{"start":{"line":516,"column":15},"end":{"line":523,"column":9}}],"line":514},"65":{"loc":{"start":{"line":516,"column":15},"end":{"line":523,"column":9}},"type":"if","locations":[{"start":{"line":516,"column":15},"end":{"line":523,"column":9}},{"start":{"line":518,"column":15},"end":{"line":523,"column":9}}],"line":516},"66":{"loc":{"start":{"line":518,"column":15},"end":{"line":523,"column":9}},"type":"if","locations":[{"start":{"line":518,"column":15},"end":{"line":523,"column":9}},{"start":{"line":521,"column":15},"end":{"line":523,"column":9}}],"line":518},"67":{"loc":{"start":{"line":540,"column":21},"end":{"line":540,"column":51}},"type":"cond-expr","locations":[{"start":{"line":540,"column":46},"end":{"line":540,"column":47}},{"start":{"line":540,"column":50},"end":{"line":540,"column":51}}],"line":540},"68":{"loc":{"start":{"line":541,"column":21},"end":{"line":541,"column":71}},"type":"cond-expr","locations":[{"start":{"line":541,"column":46},"end":{"line":541,"column":56}},{"start":{"line":541,"column":59},"end":{"line":541,"column":71}}],"line":541}},"s":{"0":0,"1":0,"2":0,"3":0,"4":0,"5":0,"6":0,"7":0,"8":0,"9":0,"10":0,"11":0,"12":0,"13":0,"14":0,"15":0,"16":0,"17":0,"18":0,"19":0,"20":0,"21":0,"22":0,"23":0,"24":0,"25":0,"26":0,"27":0,"28":0,"29":0,"30":0,"31":0,"32":0,"33":0,"34":0,"35":0,"36":0,"37":0,"38":0,"39":0,"40":0,"41":0,"42":0,"43":0,"44":0,"45":0,"46":0,"47":0,"48":0,"49":0,"50":0,"51":0,"52":0,"53":0,"54":0,"55":0,"56":0,"57":0,"58":0,"59":0,"60":0,"61":0,"62":0,"63":0,"64":0,"65":0,"66":0,"67":0,"68":0,"69":0,"70":0,"71":0,"72":0,"73":0,"74":0,"75":0,"76":0,"77":0,"78":0,"79":0,"80":0,"81":0,"82":0,"83":0,"84":0,"85":0,"86":0,"87":0,"88":0,"89":0,"90":0,"91":0,"92":0,"93":0,"94":0,"95":0,"96":0,"97":0,"98":0,"99":0,"100":0,"101":0,"102":0,"103":0,"104":0,"105":0,"106":0,"107":0,"108":0,"109":0,"110":0,"111":0,"112":0,"113":0,"114":0,"115":0,"116":0,"117":0,"118":0,"119":0,"120":0,"121":0,"122":0,"123":0,"124":0,"125":0,"126":0,"127":0,"128":0,"129":0,"130":0,"131":0,"132":0,"133":0,"134":0,"135":0,"136":0,"137":0,"138":0,"139":0,"140":0,"141":0,"142":0,"143":0,"144":0,"145":0,"146":0,"147":0,"148":0,"149":0,"150":0,"151":0,"152":0,"153":0,"154":0,"155":0,"156":0,"157":0,"158":0,"159":0,"160":0,"161":0,"162":0,"163":0,"164":0,"165":0,"166":0,"167":0,"168":0,"169":0,"170":0,"171":0,"172":0,"173":0,"174":0,"175":0,"176":0,"177":0,"178":0,"179":0,"180":0,"181":0,"182":0,"183":0,"184":0,"185":0,"186":0,"187":0,"188":0,"189":0,"190":0,"191":0,"192":0,"193":0,"194":0,"195":0,"196":0,"197":0,"198":0,"199":0,"200":0,"201":0,"202":0,"203":0,"204":0,"205":0,"206":0,"207":0,"208":0,"209":0,"210":0,"211":0,"212":0,"213":0,"214":0,"215":0,"216":0,"217":0,"218":0,"219":0,"220":0,"221":0,"222":0,"223":0,"224":0,"225":0,"226":0,"227":0,"228":0,"229":0,"230":0,"231":0,"232":0,"233":0,"234":0,"235":0,"236":0,"237":0},"f":{"0":0,"1":0,"2":0,"3":0,"4":0,"5":0,"6":0,"7":0,"8":0,"9":0,"10":0,"11":0,"12":0,"13":0,"14":0,"15":0,"16":0,"17":0,"18":0,"19":0,"20":0,"21":0,"22":0,"23":0,"24":0,"25":0,"26":0,"27":0,"28":0,"29":0,"30":0,"31":0,"32":0,"33":0,"34":0},"b":{"0":[0,0],"1":[0,0],"2":[0,0],"3":[0,0],"4":[0,0],"5":[0,0],"6":[0,0],"7":[0,0],"8":[0,0,0],"9":[0,0],"10":[0,0],"11":[0,0,0],"12":[0,0],"13":[0,0],"14":[0,0],"15":[0,0],"16":[0,0],"17":[0,0],"18":[0,0],"19":[0,0,0],"20":[0,0],"21":[0,0],"22":[0,0],"23":[0,0],"24":[0,0],"25":[0,0],"26":[0,0],"27":[0,0],"28":[0,0],"29":[0,0,0],"30":[0,0],"31":[0,0],"32":[0,0],"33":[0,0,0],"34":[0,0],"35":[0,0],"36":[0,0],"37":[0,0],"38":[0,0],"39":[0,0],"40":[0,0],"41":[0,0],"42":[0,0],"43":[0,0],"44":[0,0],"45":[0,0],"46":[0,0],"47":[0,0],"48":[0,0],"49":[0,0],"50":[0,0],"51":[0,0],"52":[0,0],"53":[0,0],"54":[0,0],"55":[0,0],"56":[0,0],"57":[0,0],"58":[0,0],"59":[0,0],"60":[0,0],"61":[0,0],"62":[0,0],"63":[0,0],"64":[0,0],"65":[0,0],"66":[0,0],"67":[0,0],"68":[0,0]}}
,"/Users/peder/projects/anteo/website/scripts/utils/image-processor.js": {"path":"/Users/peder/projects/anteo/website/scripts/utils/image-processor.js","statementMap":{"0":{"start":{"line":1,"column":14},"end":{"line":1,"column":30}},"1":{"start":{"line":2,"column":13},"end":{"line":2,"column":28}},"2":{"start":{"line":3,"column":15},"end":{"line":3,"column":32}},"3":{"start":{"line":4,"column":78},"end":{"line":4,"column":97}},"4":{"start":{"line":8,"column":4},"end":{"line":8,"column":34}},"5":{"start":{"line":9,"column":4},"end":{"line":9,"column":42}},"6":{"start":{"line":10,"column":4},"end":{"line":10,"column":37}},"7":{"start":{"line":11,"column":4},"end":{"line":11,"column":21}},"8":{"start":{"line":12,"column":4},"end":{"line":12,"column":23}},"9":{"start":{"line":13,"column":4},"end":{"line":13,"column":27}},"10":{"start":{"line":14,"column":4},"end":{"line":14,"column":34}},"11":{"start":{"line":18,"column":22},"end":{"line":18,"column":60}},"12":{"start":{"line":19,"column":4},"end":{"line":25,"column":5}},"13":{"start":{"line":20,"column":6},"end":{"line":24,"column":7}},"14":{"start":{"line":21,"column":8},"end":{"line":21,"column":59}},"15":{"start":{"line":23,"column":8},"end":{"line":23,"column":67}},"16":{"start":{"line":26,"column":4},"end":{"line":26,"column":14}},"17":{"start":{"line":30,"column":22},"end":{"line":30,"column":60}},"18":{"start":{"line":31,"column":4},"end":{"line":31,"column":43}},"19":{"start":{"line":32,"column":4},"end":{"line":32,"column":67}},"20":{"start":{"line":38,"column":18},"end":{"line":38,"column":71}},"21":{"start":{"line":41,"column":4},"end":{"line":74,"column":5}},"22":{"start":{"line":42,"column":22},"end":{"line":42,"column":30}},"23":{"start":{"line":43,"column":39},"end":{"line":43,"column":57}},"24":{"start":{"line":46,"column":6},"end":{"line":46,"column":49}},"25":{"start":{"line":46,"column":40},"end":{"line":46,"column":49}},"26":{"start":{"line":49,"column":21},"end":{"line":49,"column":53}},"27":{"start":{"line":50,"column":19},"end":{"line":50,"column":37}},"28":{"start":{"line":52,"column":6},"end":{"line":73,"column":7}},"29":{"start":{"line":53,"column":32},"end":{"line":53,"column":59}},"30":{"start":{"line":54,"column":23},"end":{"line":54,"column":43}},"31":{"start":{"line":55,"column":24},"end":{"line":55,"column":63}},"32":{"start":{"line":58,"column":24},"end":{"line":58,"column":33}},"33":{"start":{"line":59,"column":8},"end":{"line":59,"column":49}},"34":{"start":{"line":60,"column":8},"end":{"line":60,"column":63}},"35":{"start":{"line":62,"column":20},"end":{"line":62,"column":82}},"36":{"start":{"line":64,"column":8},"end":{"line":72,"column":11}},"37":{"start":{"line":79,"column":4},"end":{"line":79,"column":87}},"38":{"start":{"line":81,"column":4},"end":{"line":83,"column":5}},"39":{"start":{"line":82,"column":6},"end":{"line":82,"column":35}},"40":{"start":{"line":85,"column":4},"end":{"line":85,"column":21}},"41":{"start":{"line":88,"column":4},"end":{"line":91,"column":5}},"42":{"start":{"line":89,"column":6},"end":{"line":89,"column":80}},"43":{"start":{"line":90,"column":6},"end":{"line":90,"column":63}},"44":{"start":{"line":90,"column":38},"end":{"line":90,"column":61}},"45":{"start":{"line":93,"column":4},"end":{"line":96,"column":5}},"46":{"start":{"line":94,"column":6},"end":{"line":94,"column":72}},"47":{"start":{"line":95,"column":6},"end":{"line":95,"column":59}},"48":{"start":{"line":95,"column":33},"end":{"line":95,"column":57}},"49":{"start":{"line":98,"column":4},"end":{"line":101,"column":5}},"50":{"start":{"line":99,"column":6},"end":{"line":99,"column":78}},"51":{"start":{"line":100,"column":6},"end":{"line":100,"column":63}},"52":{"start":{"line":100,"column":36},"end":{"line":100,"column":61}},"53":{"start":{"line":105,"column":23},"end":{"line":105,"column":74}},"54":{"start":{"line":106,"column":23},"end":{"line":106,"column":55}},"55":{"start":{"line":109,"column":4},"end":{"line":114,"column":5}},"56":{"start":{"line":110,"column":6},"end":{"line":110,"column":86}},"57":{"start":{"line":111,"column":6},"end":{"line":111,"column":92}},"58":{"start":{"line":112,"column":6},"end":{"line":112,"column":63}},"59":{"start":{"line":113,"column":6},"end":{"line":113,"column":13}},"60":{"start":{"line":117,"column":4},"end":{"line":120,"column":5}},"61":{"start":{"line":118,"column":6},"end":{"line":118,"column":89}},"62":{"start":{"line":119,"column":6},"end":{"line":119,"column":13}},"63":{"start":{"line":122,"column":4},"end":{"line":169,"column":5}},"64":{"start":{"line":124,"column":23},"end":{"line":124,"column":57}},"65":{"start":{"line":127,"column":6},"end":{"line":132,"column":7}},"66":{"start":{"line":128,"column":8},"end":{"line":131,"column":10}},"67":{"start":{"line":135,"column":6},"end":{"line":135,"column":46}},"68":{"start":{"line":138,"column":21},"end":{"line":142,"column":10}},"69":{"start":{"line":145,"column":27},"end":{"line":145,"column":83}},"70":{"start":{"line":147,"column":6},"end":{"line":158,"column":7}},"71":{"start":{"line":149,"column":10},"end":{"line":149,"column":70}},"72":{"start":{"line":150,"column":10},"end":{"line":150,"column":16}},"73":{"start":{"line":153,"column":10},"end":{"line":153,"column":70}},"74":{"start":{"line":154,"column":10},"end":{"line":154,"column":16}},"75":{"start":{"line":156,"column":10},"end":{"line":156,"column":69}},"76":{"start":{"line":157,"column":10},"end":{"line":157,"column":16}},"77":{"start":{"line":160,"column":6},"end":{"line":160,"column":40}},"78":{"start":{"line":162,"column":6},"end":{"line":162,"column":92}},"79":{"start":{"line":165,"column":6},"end":{"line":165,"column":61}},"80":{"start":{"line":168,"column":6},"end":{"line":168,"column":76}},"81":{"start":{"line":173,"column":4},"end":{"line":173,"column":46}},"82":{"start":{"line":173,"column":33},"end":{"line":173,"column":46}},"83":{"start":{"line":175,"column":21},"end":{"line":175,"column":63}},"84":{"start":{"line":176,"column":19},"end":{"line":176,"column":39}},"85":{"start":{"line":178,"column":4},"end":{"line":178,"column":30}},"86":{"start":{"line":178,"column":17},"end":{"line":178,"column":30}},"87":{"start":{"line":181,"column":4},"end":{"line":183,"column":5}},"88":{"start":{"line":182,"column":6},"end":{"line":182,"column":36}},"89":{"start":{"line":186,"column":4},"end":{"line":186,"column":46}},"90":{"start":{"line":186,"column":33},"end":{"line":186,"column":46}},"91":{"start":{"line":188,"column":24},"end":{"line":188,"column":44}},"92":{"start":{"line":189,"column":4},"end":{"line":190,"column":44}},"93":{"start":{"line":194,"column":21},"end":{"line":194,"column":63}},"94":{"start":{"line":196,"column":4},"end":{"line":212,"column":5}},"95":{"start":{"line":197,"column":26},"end":{"line":197,"column":46}},"96":{"start":{"line":198,"column":6},"end":{"line":203,"column":8}},"97":{"start":{"line":206,"column":6},"end":{"line":211,"column":8}},"98":{"start":{"line":216,"column":4},"end":{"line":216,"column":100}},"99":{"start":{"line":220,"column":50},"end":{"line":220,"column":62}},"100":{"start":{"line":221,"column":16},"end":{"line":221,"column":64}},"101":{"start":{"line":222,"column":17},"end":{"line":222,"column":68}},"102":{"start":{"line":223,"column":16},"end":{"line":223,"column":40}},"103":{"start":{"line":225,"column":4},"end":{"line":225,"column":79}},"104":{"start":{"line":229,"column":50},"end":{"line":229,"column":62}},"105":{"start":{"line":232,"column":4},"end":{"line":232,"column":44}},"106":{"start":{"line":235,"column":25},"end":{"line":235,"column":40}},"107":{"start":{"line":238,"column":17},"end":{"line":238,"column":68}},"108":{"start":{"line":239,"column":28},"end":{"line":241,"column":15}},"109":{"start":{"line":240,"column":6},"end":{"line":240,"column":50}},"110":{"start":{"line":244,"column":16},"end":{"line":255,"column":5}},"111":{"start":{"line":257,"column":4},"end":{"line":282,"column":5}},"112":{"start":{"line":259,"column":21},"end":{"line":259,"column":44}},"113":{"start":{"line":261,"column":6},"end":{"line":272,"column":7}},"114":{"start":{"line":263,"column":10},"end":{"line":263,"column":52}},"115":{"start":{"line":264,"column":10},"end":{"line":264,"column":16}},"116":{"start":{"line":267,"column":10},"end":{"line":267,"column":92}},"117":{"start":{"line":268,"column":10},"end":{"line":268,"column":16}},"118":{"start":{"line":270,"column":10},"end":{"line":270,"column":36}},"119":{"start":{"line":271,"column":10},"end":{"line":271,"column":16}},"120":{"start":{"line":274,"column":6},"end":{"line":274,"column":40}},"121":{"start":{"line":275,"column":6},"end":{"line":275,"column":94}},"122":{"start":{"line":278,"column":6},"end":{"line":278,"column":61}},"123":{"start":{"line":281,"column":6},"end":{"line":281,"column":93}},"124":{"start":{"line":287,"column":37},"end":{"line":287,"column":59}},"125":{"start":{"line":288,"column":19},"end":{"line":288,"column":51}},"126":{"start":{"line":289,"column":17},"end":{"line":289,"column":35}},"127":{"start":{"line":291,"column":4},"end":{"line":291,"column":34}},"128":{"start":{"line":291,"column":15},"end":{"line":291,"column":34}},"129":{"start":{"line":293,"column":28},"end":{"line":293,"column":43}},"130":{"start":{"line":294,"column":19},"end":{"line":294,"column":39}},"131":{"start":{"line":297,"column":20},"end":{"line":297,"column":29}},"132":{"start":{"line":298,"column":4},"end":{"line":298,"column":45}},"133":{"start":{"line":299,"column":4},"end":{"line":299,"column":59}},"134":{"start":{"line":301,"column":16},"end":{"line":301,"column":63}},"135":{"start":{"line":302,"column":17},"end":{"line":302,"column":66}},"136":{"start":{"line":303,"column":16},"end":{"line":303,"column":39}},"137":{"start":{"line":305,"column":26},"end":{"line":307,"column":58}},"138":{"start":{"line":309,"column":4},"end":{"line":309,"column":45}},"139":{"start":{"line":314,"column":4},"end":{"line":317,"column":7}},"140":{"start":{"line":315,"column":27},"end":{"line":315,"column":52}},"141":{"start":{"line":316,"column":6},"end":{"line":316,"column":37}},"142":{"start":{"line":321,"column":0},"end":{"line":321,"column":32}}},"fnMap":{"0":{"name":"(anonymous_0)","decl":{"start":{"line":7,"column":2},"end":{"line":7,"column":3}},"loc":{"start":{"line":7,"column":16},"end":{"line":15,"column":3}},"line":7},"1":{"name":"(anonymous_1)","decl":{"start":{"line":17,"column":2},"end":{"line":17,"column":3}},"loc":{"start":{"line":17,"column":14},"end":{"line":27,"column":3}},"line":17},"2":{"name":"(anonymous_2)","decl":{"start":{"line":29,"column":2},"end":{"line":29,"column":3}},"loc":{"start":{"line":29,"column":14},"end":{"line":33,"column":3}},"line":29},"3":{"name":"(anonymous_3)","decl":{"start":{"line":36,"column":2},"end":{"line":36,"column":3}},"loc":{"start":{"line":36,"column":41},"end":{"line":75,"column":3}},"line":36},"4":{"name":"(anonymous_4)","decl":{"start":{"line":78,"column":2},"end":{"line":78,"column":3}},"loc":{"start":{"line":78,"column":21},"end":{"line":102,"column":3}},"line":78},"5":{"name":"(anonymous_5)","decl":{"start":{"line":90,"column":32},"end":{"line":90,"column":33}},"loc":{"start":{"line":90,"column":38},"end":{"line":90,"column":61}},"line":90},"6":{"name":"(anonymous_6)","decl":{"start":{"line":95,"column":26},"end":{"line":95,"column":27}},"loc":{"start":{"line":95,"column":33},"end":{"line":95,"column":57}},"line":95},"7":{"name":"(anonymous_7)","decl":{"start":{"line":100,"column":28},"end":{"line":100,"column":29}},"loc":{"start":{"line":100,"column":36},"end":{"line":100,"column":61}},"line":100},"8":{"name":"(anonymous_8)","decl":{"start":{"line":104,"column":2},"end":{"line":104,"column":3}},"loc":{"start":{"line":104,"column":35},"end":{"line":170,"column":3}},"line":104},"9":{"name":"(anonymous_9)","decl":{"start":{"line":172,"column":2},"end":{"line":172,"column":3}},"loc":{"start":{"line":172,"column":55},"end":{"line":191,"column":3}},"line":172},"10":{"name":"(anonymous_10)","decl":{"start":{"line":193,"column":2},"end":{"line":193,"column":3}},"loc":{"start":{"line":193,"column":52},"end":{"line":213,"column":3}},"line":193},"11":{"name":"(anonymous_11)","decl":{"start":{"line":215,"column":2},"end":{"line":215,"column":3}},"loc":{"start":{"line":215,"column":40},"end":{"line":217,"column":3}},"line":215},"12":{"name":"(anonymous_12)","decl":{"start":{"line":219,"column":2},"end":{"line":219,"column":3}},"loc":{"start":{"line":219,"column":30},"end":{"line":226,"column":3}},"line":219},"13":{"name":"(anonymous_13)","decl":{"start":{"line":228,"column":2},"end":{"line":228,"column":3}},"loc":{"start":{"line":228,"column":54},"end":{"line":283,"column":3}},"line":228},"14":{"name":"(anonymous_14)","decl":{"start":{"line":239,"column":48},"end":{"line":239,"column":49}},"loc":{"start":{"line":240,"column":6},"end":{"line":240,"column":50}},"line":240},"15":{"name":"(anonymous_15)","decl":{"start":{"line":286,"column":2},"end":{"line":286,"column":3}},"loc":{"start":{"line":286,"column":31},"end":{"line":310,"column":3}},"line":286},"16":{"name":"(anonymous_16)","decl":{"start":{"line":313,"column":2},"end":{"line":313,"column":3}},"loc":{"start":{"line":313,"column":26},"end":{"line":318,"column":3}},"line":313},"17":{"name":"(anonymous_17)","decl":{"start":{"line":314,"column":79},"end":{"line":314,"column":80}},"loc":{"start":{"line":314,"column":95},"end":{"line":317,"column":5}},"line":314}},"branchMap":{"0":{"loc":{"start":{"line":19,"column":4},"end":{"line":25,"column":5}},"type":"if","locations":[{"start":{"line":19,"column":4},"end":{"line":25,"column":5}},{"start":{},"end":{}}],"line":19},"1":{"loc":{"start":{"line":36,"column":24},"end":{"line":36,"column":39}},"type":"default-arg","locations":[{"start":{"line":36,"column":37},"end":{"line":36,"column":39}}],"line":36},"2":{"loc":{"start":{"line":46,"column":6},"end":{"line":46,"column":49}},"type":"if","locations":[{"start":{"line":46,"column":6},"end":{"line":46,"column":49}},{"start":{},"end":{}}],"line":46},"3":{"loc":{"start":{"line":52,"column":6},"end":{"line":73,"column":7}},"type":"if","locations":[{"start":{"line":52,"column":6},"end":{"line":73,"column":7}},{"start":{},"end":{}}],"line":52},"4":{"loc":{"start":{"line":55,"column":33},"end":{"line":55,"column":62}},"type":"binary-expr","locations":[{"start":{"line":55,"column":33},"end":{"line":55,"column":54}},{"start":{"line":55,"column":58},"end":{"line":55,"column":62}}],"line":55},"5":{"loc":{"start":{"line":62,"column":54},"end":{"line":62,"column":80}},"type":"cond-expr","locations":[{"start":{"line":62,"column":63},"end":{"line":62,"column":75}},{"start":{"line":62,"column":78},"end":{"line":62,"column":80}}],"line":62},"6":{"loc":{"start":{"line":88,"column":4},"end":{"line":91,"column":5}},"type":"if","locations":[{"start":{"line":88,"column":4},"end":{"line":91,"column":5}},{"start":{},"end":{}}],"line":88},"7":{"loc":{"start":{"line":93,"column":4},"end":{"line":96,"column":5}},"type":"if","locations":[{"start":{"line":93,"column":4},"end":{"line":96,"column":5}},{"start":{},"end":{}}],"line":93},"8":{"loc":{"start":{"line":98,"column":4},"end":{"line":101,"column":5}},"type":"if","locations":[{"start":{"line":98,"column":4},"end":{"line":101,"column":5}},{"start":{},"end":{}}],"line":98},"9":{"loc":{"start":{"line":109,"column":4},"end":{"line":114,"column":5}},"type":"if","locations":[{"start":{"line":109,"column":4},"end":{"line":114,"column":5}},{"start":{},"end":{}}],"line":109},"10":{"loc":{"start":{"line":117,"column":4},"end":{"line":120,"column":5}},"type":"if","locations":[{"start":{"line":117,"column":4},"end":{"line":120,"column":5}},{"start":{},"end":{}}],"line":117},"11":{"loc":{"start":{"line":127,"column":6},"end":{"line":132,"column":7}},"type":"if","locations":[{"start":{"line":127,"column":6},"end":{"line":132,"column":7}},{"start":{},"end":{}}],"line":127},"12":{"loc":{"start":{"line":127,"column":10},"end":{"line":127,"column":86}},"type":"binary-expr","locations":[{"start":{"line":127,"column":10},"end":{"line":127,"column":45}},{"start":{"line":127,"column":49},"end":{"line":127,"column":86}}],"line":127},"13":{"loc":{"start":{"line":145,"column":27},"end":{"line":145,"column":83}},"type":"binary-expr","locations":[{"start":{"line":145,"column":27},"end":{"line":145,"column":46}},{"start":{"line":145,"column":50},"end":{"line":145,"column":83}}],"line":145},"14":{"loc":{"start":{"line":147,"column":6},"end":{"line":158,"column":7}},"type":"switch","locations":[{"start":{"line":148,"column":8},"end":{"line":150,"column":16}},{"start":{"line":151,"column":8},"end":{"line":151,"column":19}},{"start":{"line":152,"column":8},"end":{"line":154,"column":16}},{"start":{"line":155,"column":8},"end":{"line":157,"column":16}}],"line":147},"15":{"loc":{"start":{"line":173,"column":4},"end":{"line":173,"column":46}},"type":"if","locations":[{"start":{"line":173,"column":4},"end":{"line":173,"column":46}},{"start":{},"end":{}}],"line":173},"16":{"loc":{"start":{"line":178,"column":4},"end":{"line":178,"column":30}},"type":"if","locations":[{"start":{"line":178,"column":4},"end":{"line":178,"column":30}},{"start":{},"end":{}}],"line":178},"17":{"loc":{"start":{"line":181,"column":4},"end":{"line":183,"column":5}},"type":"if","locations":[{"start":{"line":181,"column":4},"end":{"line":183,"column":5}},{"start":{},"end":{}}],"line":181},"18":{"loc":{"start":{"line":186,"column":4},"end":{"line":186,"column":46}},"type":"if","locations":[{"start":{"line":186,"column":4},"end":{"line":186,"column":46}},{"start":{},"end":{}}],"line":186},"19":{"loc":{"start":{"line":189,"column":11},"end":{"line":190,"column":43}},"type":"binary-expr","locations":[{"start":{"line":189,"column":11},"end":{"line":189,"column":65}},{"start":{"line":190,"column":11},"end":{"line":190,"column":43}}],"line":189},"20":{"loc":{"start":{"line":196,"column":4},"end":{"line":212,"column":5}},"type":"if","locations":[{"start":{"line":196,"column":4},"end":{"line":212,"column":5}},{"start":{"line":204,"column":11},"end":{"line":212,"column":5}}],"line":196},"21":{"loc":{"start":{"line":216,"column":72},"end":{"line":216,"column":97}},"type":"binary-expr","locations":[{"start":{"line":216,"column":72},"end":{"line":216,"column":91}},{"start":{"line":216,"column":95},"end":{"line":216,"column":97}}],"line":216},"22":{"loc":{"start":{"line":221,"column":16},"end":{"line":221,"column":64}},"type":"cond-expr","locations":[{"start":{"line":221,"column":25},"end":{"line":221,"column":37}},{"start":{"line":221,"column":40},"end":{"line":221,"column":64}}],"line":221},"23":{"loc":{"start":{"line":235,"column":25},"end":{"line":235,"column":40}},"type":"binary-expr","locations":[{"start":{"line":235,"column":25},"end":{"line":235,"column":31}},{"start":{"line":235,"column":35},"end":{"line":235,"column":40}}],"line":235},"24":{"loc":{"start":{"line":261,"column":6},"end":{"line":272,"column":7}},"type":"switch","locations":[{"start":{"line":262,"column":8},"end":{"line":264,"column":16}},{"start":{"line":265,"column":8},"end":{"line":265,"column":19}},{"start":{"line":266,"column":8},"end":{"line":268,"column":16}},{"start":{"line":269,"column":8},"end":{"line":271,"column":16}}],"line":261},"25":{"loc":{"start":{"line":291,"column":4},"end":{"line":291,"column":34}},"type":"if","locations":[{"start":{"line":291,"column":4},"end":{"line":291,"column":34}},{"start":{},"end":{}}],"line":291},"26":{"loc":{"start":{"line":301,"column":16},"end":{"line":301,"column":63}},"type":"cond-expr","locations":[{"start":{"line":301,"column":25},"end":{"line":301,"column":37}},{"start":{"line":301,"column":40},"end":{"line":301,"column":63}}],"line":301},"27":{"loc":{"start":{"line":305,"column":26},"end":{"line":307,"column":58}},"type":"cond-expr","locations":[{"start":{"line":306,"column":8},"end":{"line":306,"column":42}},{"start":{"line":307,"column":8},"end":{"line":307,"column":58}}],"line":305}},"s":{"0":0,"1":0,"2":0,"3":0,"4":0,"5":0,"6":0,"7":0,"8":0,"9":0,"10":0,"11":0,"12":0,"13":0,"14":0,"15":0,"16":0,"17":0,"18":0,"19":0,"20":0,"21":0,"22":0,"23":0,"24":0,"25":0,"26":0,"27":0,"28":0,"29":0,"30":0,"31":0,"32":0,"33":0,"34":0,"35":0,"36":0,"37":0,"38":0,"39":0,"40":0,"41":0,"42":0,"43":0,"44":0,"45":0,"46":0,"47":0,"48":0,"49":0,"50":0,"51":0,"52":0,"53":0,"54":0,"55":0,"56":0,"57":0,"58":0,"59":0,"60":0,"61":0,"62":0,"63":0,"64":0,"65":0,"66":0,"67":0,"68":0,"69":0,"70":0,"71":0,"72":0,"73":0,"74":0,"75":0,"76":0,"77":0,"78":0,"79":0,"80":0,"81":0,"82":0,"83":0,"84":0,"85":0,"86":0,"87":0,"88":0,"89":0,"90":0,"91":0,"92":0,"93":0,"94":0,"95":0,"96":0,"97":0,"98":0,"99":0,"100":0,"101":0,"102":0,"103":0,"104":0,"105":0,"106":0,"107":0,"108":0,"109":0,"110":0,"111":0,"112":0,"113":0,"114":0,"115":0,"116":0,"117":0,"118":0,"119":0,"120":0,"121":0,"122":0,"123":0,"124":0,"125":0,"126":0,"127":0,"128":0,"129":0,"130":0,"131":0,"132":0,"133":0,"134":0,"135":0,"136":0,"137":0,"138":0,"139":0,"140":0,"141":0,"142":0},"f":{"0":0,"1":0,"2":0,"3":0,"4":0,"5":0,"6":0,"7":0,"8":0,"9":0,"10":0,"11":0,"12":0,"13":0,"14":0,"15":0,"16":0,"17":0},"b":{"0":[0,0],"1":[0],"2":[0,0],"3":[0,0],"4":[0,0],"5":[0,0],"6":[0,0],"7":[0,0],"8":[0,0],"9":[0,0],"10":[0,0],"11":[0,0],"12":[0,0],"13":[0,0],"14":[0,0,0,0],"15":[0,0],"16":[0,0],"17":[0,0],"18":[0,0],"19":[0,0],"20":[0,0],"21":[0,0],"22":[0,0],"23":[0,0],"24":[0,0,0,0],"25":[0,0],"26":[0,0],"27":[0,0]}}
}
