TN:
SF:scripts/build.js
FN:24,wrapInBase
FN:30,bundleJavaScript
FN:55,bundleCSS
FN:64,(anonymous_3)
FN:82,applyBasePath
FN:89,(anonymous_5)
FN:106,build
FN:147,(anonymous_7)
FN:171,(anonymous_8)
FN:215,(anonymous_9)
FN:218,(anonymous_10)
FN:238,(anonymous_11)
FN:241,(anonymous_12)
FN:331,(anonymous_13)
FNF:14
FNH:0
FNDA:0,wrapInBase
FNDA:0,bundleJavaScript
FNDA:0,bundleCSS
FNDA:0,(anonymous_3)
FNDA:0,applyBasePath
FNDA:0,(anonymous_5)
FNDA:0,build
FNDA:0,(anonymous_7)
FNDA:0,(anonymous_8)
FNDA:0,(anonymous_9)
FNDA:0,(anonymous_10)
FNDA:0,(anonymous_11)
FNDA:0,(anonymous_12)
FNDA:0,(anonymous_13)
DA:1,0
DA:2,0
DA:3,0
DA:4,0
DA:5,0
DA:6,0
DA:7,0
DA:8,0
DA:9,0
DA:10,0
DA:13,0
DA:14,0
DA:17,0
DA:25,0
DA:26,0
DA:31,0
DA:33,0
DA:35,0
DA:36,0
DA:47,0
DA:49,0
DA:50,0
DA:56,0
DA:59,0
DA:62,0
DA:65,0
DA:66,0
DA:67,0
DA:69,0
DA:74,0
DA:77,0
DA:78,0
DA:83,0
DA:85,0
DA:87,0
DA:89,0
DA:90,0
DA:93,0
DA:99,0
DA:102,0
DA:107,0
DA:110,0
DA:111,0
DA:114,0
DA:116,0
DA:119,0
DA:122,0
DA:125,0
DA:126,0
DA:127,0
DA:131,0
DA:133,0
DA:134,0
DA:138,0
DA:140,0
DA:144,0
DA:147,0
DA:148,0
DA:151,0
DA:152,0
DA:154,0
DA:155,0
DA:156,0
DA:159,0
DA:160,0
DA:163,0
DA:164,0
DA:165,0
DA:169,0
DA:171,0
DA:172,0
DA:175,0
DA:178,0
DA:179,0
DA:181,0
DA:184,0
DA:185,0
DA:186,0
DA:189,0
DA:190,0
DA:195,0
DA:199,0
DA:213,0
DA:215,0
DA:218,0
DA:229,0
DA:236,0
DA:238,0
DA:241,0
DA:252,0
DA:259,0
DA:262,0
DA:269,0
DA:272,0
DA:275,0
DA:281,0
DA:282,0
DA:285,0
DA:286,0
DA:289,0
DA:297,0
DA:302,0
DA:303,0
DA:304,0
DA:307,0
DA:310,0
DA:311,0
DA:312,0
DA:313,0
DA:317,0
DA:320,0
DA:323,0
DA:324,0
DA:327,0
DA:331,0
DA:332,0
DA:333,0
LF:117
LH:0
BRDA:33,0,0,0
BRDA:33,0,1,0
BRDA:39,1,0,0
BRDA:39,1,1,0
BRDA:66,2,0,0
BRDA:66,2,1,0
BRDA:83,3,0,0
BRDA:83,3,1,0
BRDA:111,4,0,0
BRDA:111,4,1,0
BRDA:114,5,0,0
BRDA:114,5,1,0
BRDA:114,6,0,0
BRDA:114,6,1,0
BRDA:114,7,0,0
BRDA:114,7,1,0
BRDA:125,8,0,0
BRDA:125,8,1,0
BRDA:133,9,0,0
BRDA:133,9,1,0
BRDA:154,10,0,0
BRDA:154,10,1,0
BRDA:164,11,0,0
BRDA:164,11,1,0
BRDA:178,12,0,0
BRDA:178,12,1,0
BRDA:185,13,0,0
BRDA:185,13,1,0
BRDA:186,14,0,0
BRDA:186,14,1,0
BRDA:189,15,0,0
BRDA:189,15,1,0
BRDA:189,16,0,0
BRDA:189,16,1,0
BRDA:205,17,0,0
BRDA:205,17,1,0
BRDA:213,18,0,0
BRDA:213,18,1,0
BRDA:215,19,0,0
BRDA:215,19,1,0
BRDA:215,20,0,0
BRDA:215,20,1,0
BRDA:223,21,0,0
BRDA:223,21,1,0
BRDA:224,22,0,0
BRDA:224,22,1,0
BRDA:236,23,0,0
BRDA:236,23,1,0
BRDA:238,24,0,0
BRDA:238,24,1,0
BRDA:238,25,0,0
BRDA:238,25,1,0
BRDA:246,26,0,0
BRDA:246,26,1,0
BRDA:247,27,0,0
BRDA:247,27,1,0
BRDA:277,28,0,0
BRDA:277,28,1,0
BRDA:281,29,0,0
BRDA:281,29,1,0
BRDA:310,30,0,0
BRDA:310,30,1,0
BRDA:323,31,0,0
BRDA:323,31,1,0
BRF:64
BRH:0
end_of_record
TN:
SF:scripts/dev-server.js
FN:24,(anonymous_0)
FNF:1
FNH:0
FNDA:0,(anonymous_0)
DA:1,0
DA:2,0
DA:5,0
DA:14,0
DA:17,0
DA:18,0
DA:21,0
DA:24,0
DA:25,0
DA:26,0
LF:10
LH:0
BRF:0
BRH:0
end_of_record
TN:
SF:scripts/link-checker.js
FN:50,(anonymous_0)
FN:71,(anonymous_1)
FN:96,(anonymous_2)
FN:100,(anonymous_3)
FN:114,(anonymous_4)
FN:124,(anonymous_5)
FN:149,(anonymous_6)
FN:161,(anonymous_7)
FN:168,(anonymous_8)
FN:178,(anonymous_9)
FN:190,(anonymous_10)
FN:192,(anonymous_11)
FN:276,(anonymous_12)
FN:283,(anonymous_13)
FN:306,(anonymous_14)
FN:310,(anonymous_15)
FN:316,(anonymous_16)
FN:337,(anonymous_17)
FN:348,(anonymous_18)
FN:368,(anonymous_19)
FN:377,(anonymous_20)
FN:380,(anonymous_21)
FN:391,(anonymous_22)
FN:427,(anonymous_23)
FN:431,(anonymous_24)
FN:432,(anonymous_25)
FN:441,(anonymous_26)
FN:456,(anonymous_27)
FN:463,(anonymous_28)
FN:478,(anonymous_29)
FN:487,(anonymous_30)
FN:493,(anonymous_31)
FN:502,(anonymous_32)
FN:511,(anonymous_33)
FN:549,(anonymous_34)
FNF:35
FNH:0
FNDA:0,(anonymous_0)
FNDA:0,(anonymous_1)
FNDA:0,(anonymous_2)
FNDA:0,(anonymous_3)
FNDA:0,(anonymous_4)
FNDA:0,(anonymous_5)
FNDA:0,(anonymous_6)
FNDA:0,(anonymous_7)
FNDA:0,(anonymous_8)
FNDA:0,(anonymous_9)
FNDA:0,(anonymous_10)
FNDA:0,(anonymous_11)
FNDA:0,(anonymous_12)
FNDA:0,(anonymous_13)
FNDA:0,(anonymous_14)
FNDA:0,(anonymous_15)
FNDA:0,(anonymous_16)
FNDA:0,(anonymous_17)
FNDA:0,(anonymous_18)
FNDA:0,(anonymous_19)
FNDA:0,(anonymous_20)
FNDA:0,(anonymous_21)
FNDA:0,(anonymous_22)
FNDA:0,(anonymous_23)
FNDA:0,(anonymous_24)
FNDA:0,(anonymous_25)
FNDA:0,(anonymous_26)
FNDA:0,(anonymous_27)
FNDA:0,(anonymous_28)
FNDA:0,(anonymous_29)
FNDA:0,(anonymous_30)
FNDA:0,(anonymous_31)
FNDA:0,(anonymous_32)
FNDA:0,(anonymous_33)
FNDA:0,(anonymous_34)
DA:1,0
DA:2,0
DA:3,0
DA:4,0
DA:5,0
DA:6,0
DA:9,0
DA:18,0
DA:27,0
DA:28,0
DA:29,0
DA:30,0
DA:40,0
DA:44,0
DA:45,0
DA:46,0
DA:51,0
DA:52,0
DA:53,0
DA:54,0
DA:55,0
DA:56,0
DA:57,0
DA:58,0
DA:72,0
DA:73,0
DA:76,0
DA:79,0
DA:82,0
DA:85,0
DA:88,0
DA:89,0
DA:93,0
DA:97,0
DA:98,0
DA:100,0
DA:101,0
DA:102,0
DA:103,0
DA:105,0
DA:114,0
DA:115,0
DA:116,0
DA:117,0
DA:118,0
DA:119,0
DA:124,0
DA:125,0
DA:126,0
DA:127,0
DA:130,0
DA:131,0
DA:132,0
DA:133,0
DA:135,0
DA:136,0
DA:137,0
DA:149,0
DA:150,0
DA:153,0
DA:156,0
DA:157,0
DA:163,0
DA:168,0
DA:169,0
DA:170,0
DA:172,0
DA:173,0
DA:178,0
DA:179,0
DA:180,0
DA:181,0
DA:186,0
DA:190,0
DA:192,0
DA:193,0
DA:195,0
DA:197,0
DA:198,0
DA:199,0
DA:205,0
DA:207,0
DA:211,0
DA:212,0
DA:215,0
DA:216,0
DA:220,0
DA:221,0
DA:225,0
DA:228,0
DA:229,0
DA:233,0
DA:234,0
DA:237,0
DA:238,0
DA:242,0
DA:243,0
DA:253,0
DA:254,0
DA:255,0
DA:256,0
DA:264,0
DA:270,0
DA:276,0
DA:277,0
DA:278,0
DA:280,0
DA:282,0
DA:283,0
DA:285,0
DA:286,0
DA:292,0
DA:294,0
DA:308,0
DA:310,0
DA:311,0
DA:312,0
DA:313,0
DA:316,0
DA:317,0
DA:318,0
DA:319,0
DA:320,0
DA:322,0
DA:325,0
DA:326,0
DA:327,0
DA:334,0
DA:335,0
DA:337,0
DA:338,0
DA:341,0
DA:348,0
DA:349,0
DA:350,0
DA:351,0
DA:356,0
DA:357,0
DA:358,0
DA:359,0
DA:360,0
DA:363,0
DA:364,0
DA:365,0
DA:367,0
DA:368,0
DA:369,0
DA:370,0
DA:371,0
DA:377,0
DA:378,0
DA:379,0
DA:380,0
DA:381,0
DA:386,0
DA:392,0
DA:394,0
DA:395,0
DA:396,0
DA:397,0
DA:399,0
DA:400,0
DA:401,0
DA:403,0
DA:404,0
DA:412,0
DA:416,0
DA:428,0
DA:431,0
DA:432,0
DA:433,0
DA:434,0
DA:439,0
DA:441,0
DA:442,0
DA:443,0
DA:445,0
DA:446,0
DA:451,0
DA:457,0
DA:458,0
DA:459,0
DA:460,0
DA:465,0
DA:468,0
DA:471,0
DA:472,0
DA:475,0
DA:480,0
DA:484,0
DA:488,0
DA:491,0
DA:492,0
DA:493,0
DA:494,0
DA:495,0
DA:500,0
DA:501,0
DA:502,0
DA:503,0
DA:504,0
DA:509,0
DA:510,0
DA:511,0
DA:512,0
DA:513,0
DA:514,0
DA:515,0
DA:516,0
DA:517,0
DA:518,0
DA:519,0
DA:520,0
DA:522,0
DA:524,0
DA:529,0
DA:530,0
DA:531,0
DA:532,0
DA:533,0
DA:534,0
DA:535,0
DA:536,0
DA:537,0
DA:538,0
DA:540,0
DA:541,0
DA:543,0
DA:548,0
DA:549,0
DA:550,0
DA:551,0
LF:232
LH:0
BRDA:28,0,0,0
BRDA:28,0,1,0
BRDA:29,1,0,0
BRDA:29,1,1,0
BRDA:45,2,0,0
BRDA:45,2,1,0
BRDA:45,3,0,0
BRDA:45,3,1,0
BRDA:88,4,0,0
BRDA:88,4,1,0
BRDA:116,5,0,0
BRDA:116,5,1,0
BRDA:116,6,0,0
BRDA:116,6,1,0
BRDA:118,7,0,0
BRDA:118,7,1,0
BRDA:118,8,0,0
BRDA:118,8,1,0
BRDA:118,8,2,0
BRDA:125,9,0,0
BRDA:125,9,1,0
BRDA:126,10,0,0
BRDA:126,10,1,0
BRDA:126,11,0,0
BRDA:126,11,1,0
BRDA:126,11,2,0
BRDA:130,12,0,0
BRDA:130,12,1,0
BRDA:130,13,0,0
BRDA:130,13,1,0
BRDA:135,14,0,0
BRDA:135,14,1,0
BRDA:156,15,0,0
BRDA:156,15,1,0
BRDA:170,16,0,0
BRDA:170,16,1,0
BRDA:170,17,0,0
BRDA:170,17,1,0
BRDA:180,18,0,0
BRDA:180,18,1,0
BRDA:180,19,0,0
BRDA:180,19,1,0
BRDA:180,19,2,0
BRDA:195,20,0,0
BRDA:195,20,1,0
BRDA:198,21,0,0
BRDA:198,21,1,0
BRDA:198,22,0,0
BRDA:198,22,1,0
BRDA:215,23,0,0
BRDA:215,23,1,0
BRDA:220,24,0,0
BRDA:220,24,1,0
BRDA:229,25,0,0
BRDA:229,25,1,0
BRDA:233,26,0,0
BRDA:233,26,1,0
BRDA:233,27,0,0
BRDA:233,27,1,0
BRDA:237,28,0,0
BRDA:237,28,1,0
BRDA:238,29,0,0
BRDA:238,29,1,0
BRDA:238,29,2,0
BRDA:242,30,0,0
BRDA:242,30,1,0
BRDA:242,31,0,0
BRDA:242,31,1,0
BRDA:255,32,0,0
BRDA:255,32,1,0
BRDA:255,33,0,0
BRDA:255,33,1,0
BRDA:255,33,2,0
BRDA:277,34,0,0
BRDA:277,34,1,0
BRDA:280,35,0,0
BRDA:280,35,1,0
BRDA:285,36,0,0
BRDA:285,36,1,0
BRDA:312,37,0,0
BRDA:312,37,1,0
BRDA:317,38,0,0
BRDA:317,38,1,0
BRDA:319,39,0,0
BRDA:319,39,1,0
BRDA:326,40,0,0
BRDA:326,40,1,0
BRDA:349,41,0,0
BRDA:349,41,1,0
BRDA:356,42,0,0
BRDA:356,42,1,0
BRDA:359,43,0,0
BRDA:359,43,1,0
BRDA:367,44,0,0
BRDA:367,44,1,0
BRDA:369,45,0,0
BRDA:369,45,1,0
BRDA:369,46,0,0
BRDA:369,46,1,0
BRDA:379,47,0,0
BRDA:379,47,1,0
BRDA:379,48,0,0
BRDA:379,48,1,0
BRDA:399,49,0,0
BRDA:399,49,1,0
BRDA:403,50,0,0
BRDA:403,50,1,0
BRDA:403,51,0,0
BRDA:403,51,1,0
BRDA:433,52,0,0
BRDA:433,52,1,0
BRDA:445,53,0,0
BRDA:445,53,1,0
BRDA:457,54,0,0
BRDA:457,54,1,0
BRDA:458,55,0,0
BRDA:458,55,1,0
BRDA:459,56,0,0
BRDA:459,56,1,0
BRDA:465,57,0,0
BRDA:465,57,1,0
BRDA:465,58,0,0
BRDA:465,58,1,0
BRDA:471,59,0,0
BRDA:471,59,1,0
BRDA:491,60,0,0
BRDA:491,60,1,0
BRDA:500,61,0,0
BRDA:500,61,1,0
BRDA:509,62,0,0
BRDA:509,62,1,0
BRDA:512,63,0,0
BRDA:512,63,1,0
BRDA:514,64,0,0
BRDA:514,64,1,0
BRDA:516,65,0,0
BRDA:516,65,1,0
BRDA:518,66,0,0
BRDA:518,66,1,0
BRDA:540,67,0,0
BRDA:540,67,1,0
BRDA:541,68,0,0
BRDA:541,68,1,0
BRF:143
BRH:0
end_of_record
TN:
SF:scripts/utils/image-processor.js
FN:7,(anonymous_0)
FN:17,(anonymous_1)
FN:29,(anonymous_2)
FN:36,(anonymous_3)
FN:78,(anonymous_4)
FN:90,(anonymous_5)
FN:95,(anonymous_6)
FN:100,(anonymous_7)
FN:104,(anonymous_8)
FN:172,(anonymous_9)
FN:193,(anonymous_10)
FN:215,(anonymous_11)
FN:219,(anonymous_12)
FN:228,(anonymous_13)
FN:239,(anonymous_14)
FN:286,(anonymous_15)
FN:313,(anonymous_16)
FN:314,(anonymous_17)
FNF:18
FNH:0
FNDA:0,(anonymous_0)
FNDA:0,(anonymous_1)
FNDA:0,(anonymous_2)
FNDA:0,(anonymous_3)
FNDA:0,(anonymous_4)
FNDA:0,(anonymous_5)
FNDA:0,(anonymous_6)
FNDA:0,(anonymous_7)
FNDA:0,(anonymous_8)
FNDA:0,(anonymous_9)
FNDA:0,(anonymous_10)
FNDA:0,(anonymous_11)
FNDA:0,(anonymous_12)
FNDA:0,(anonymous_13)
FNDA:0,(anonymous_14)
FNDA:0,(anonymous_15)
FNDA:0,(anonymous_16)
FNDA:0,(anonymous_17)
DA:1,0
DA:2,0
DA:3,0
DA:4,0
DA:8,0
DA:9,0
DA:10,0
DA:11,0
DA:12,0
DA:13,0
DA:14,0
DA:18,0
DA:19,0
DA:20,0
DA:21,0
DA:23,0
DA:26,0
DA:30,0
DA:31,0
DA:32,0
DA:38,0
DA:41,0
DA:42,0
DA:43,0
DA:46,0
DA:49,0
DA:50,0
DA:52,0
DA:53,0
DA:54,0
DA:55,0
DA:58,0
DA:59,0
DA:60,0
DA:62,0
DA:64,0
DA:79,0
DA:81,0
DA:82,0
DA:85,0
DA:88,0
DA:89,0
DA:90,0
DA:93,0
DA:94,0
DA:95,0
DA:98,0
DA:99,0
DA:100,0
DA:105,0
DA:106,0
DA:109,0
DA:110,0
DA:111,0
DA:112,0
DA:113,0
DA:117,0
DA:118,0
DA:119,0
DA:122,0
DA:124,0
DA:127,0
DA:128,0
DA:135,0
DA:138,0
DA:145,0
DA:147,0
DA:149,0
DA:150,0
DA:153,0
DA:154,0
DA:156,0
DA:157,0
DA:160,0
DA:162,0
DA:165,0
DA:168,0
DA:173,0
DA:175,0
DA:176,0
DA:178,0
DA:181,0
DA:182,0
DA:186,0
DA:188,0
DA:189,0
DA:194,0
DA:196,0
DA:197,0
DA:198,0
DA:206,0
DA:216,0
DA:220,0
DA:221,0
DA:222,0
DA:223,0
DA:225,0
DA:229,0
DA:232,0
DA:235,0
DA:238,0
DA:239,0
DA:240,0
DA:244,0
DA:257,0
DA:259,0
DA:261,0
DA:263,0
DA:264,0
DA:267,0
DA:268,0
DA:270,0
DA:271,0
DA:274,0
DA:275,0
DA:278,0
DA:281,0
DA:287,0
DA:288,0
DA:289,0
DA:291,0
DA:293,0
DA:294,0
DA:297,0
DA:298,0
DA:299,0
DA:301,0
DA:302,0
DA:303,0
DA:305,0
DA:309,0
DA:314,0
DA:315,0
DA:316,0
DA:321,0
LF:135
LH:0
BRDA:19,0,0,0
BRDA:19,0,1,0
BRDA:36,1,0,0
BRDA:46,2,0,0
BRDA:46,2,1,0
BRDA:52,3,0,0
BRDA:52,3,1,0
BRDA:55,4,0,0
BRDA:55,4,1,0
BRDA:62,5,0,0
BRDA:62,5,1,0
BRDA:88,6,0,0
BRDA:88,6,1,0
BRDA:93,7,0,0
BRDA:93,7,1,0
BRDA:98,8,0,0
BRDA:98,8,1,0
BRDA:109,9,0,0
BRDA:109,9,1,0
BRDA:117,10,0,0
BRDA:117,10,1,0
BRDA:127,11,0,0
BRDA:127,11,1,0
BRDA:127,12,0,0
BRDA:127,12,1,0
BRDA:145,13,0,0
BRDA:145,13,1,0
BRDA:147,14,0,0
BRDA:147,14,1,0
BRDA:147,14,2,0
BRDA:147,14,3,0
BRDA:173,15,0,0
BRDA:173,15,1,0
BRDA:178,16,0,0
BRDA:178,16,1,0
BRDA:181,17,0,0
BRDA:181,17,1,0
BRDA:186,18,0,0
BRDA:186,18,1,0
BRDA:189,19,0,0
BRDA:189,19,1,0
BRDA:196,20,0,0
BRDA:196,20,1,0
BRDA:216,21,0,0
BRDA:216,21,1,0
BRDA:221,22,0,0
BRDA:221,22,1,0
BRDA:235,23,0,0
BRDA:235,23,1,0
BRDA:261,24,0,0
BRDA:261,24,1,0
BRDA:261,24,2,0
BRDA:261,24,3,0
BRDA:291,25,0,0
BRDA:291,25,1,0
BRDA:301,26,0,0
BRDA:301,26,1,0
BRDA:305,27,0,0
BRDA:305,27,1,0
BRF:59
BRH:0
end_of_record
